##;##
@LiveGraph demo file.
Generation;Best;Average;Avg.worst-100;Avg.worst-in-Generations 100
0;1885;2694;2942;0
1;1885;2627;2822;0
2;1885;2556;2710;0
3;1885;2508;2658;0
4;1885;2466;2609;0
5;1885;2422;2547;0
6;1885;2387;2518;0
7;1885;2360;2497;0
8;1860;2327;2456;0
9;1857;2295;2418;0
10;1717;2273;2408;0
11;1717;2250;2377;0
12;1717;2231;2357;0
13;1659;2207;2350;0
14;1659;2182;2312;0
15;1659;2167;2323;0
16;1659;2139;2269;0
17;1659;2125;2274;0
18;1659;2112;2290;0
19;1659;2082;2228;0
20;1659;2065;2227;0
21;1655;2049;2213;0
22;1648;2027;2173;0
23;1648;2009;2165;0
24;1648;2000;2188;0
25;1648;1972;2121;0
26;1648;1961;2127;0
27;1648;1942;2093;0
28;1626;1926;2088;0
29;1626;1908;2064;0
30;1626;1897;2080;0
31;1626;1886;2075;0
32;1626;1871;2062;0
33;1626;1862;2058;0
34;1626;1852;2053;0
35;1626;1839;2028;0
36;1586;1835;2046;0
37;1520;1820;2005;0
38;1520;1810;1986;0
39;1520;1807;2003;0
40;1503;1800;2011;0
41;1503;1786;1965;0
42;1503;1789;2009;0
43;1503;1777;1974;0
44;1503;1765;1940;0
45;1503;1752;1913;0
46;1503;1760;1972;0
47;1503;1759;1999;0
48;1492;1746;1953;0
49;1492;1739;1932;0
50;1492;1730;1908;0
51;1492;1726;1908;0
52;1492;1726;1929;0
53;1492;1722;1930;0
54;1492;1715;1915;0
55;1492;1723;1970;0
56;1490;1702;1893;0
57;1425;1701;1915;0
58;1425;1697;1906;0
59;1425;1687;1875;0
60;1425;1693;1920;0
61;1425;1694;1940;0
62;1425;1685;1912;0
63;1425;1674;1869;0
64;1425;1676;1889;0
65;1425;1675;1903;0
66;1425;1665;1873;0
67;1425;1667;1895;0
68;1425;1656;1853;0
69;1425;1654;1862;0
70;1425;1652;1871;0
71;1425;1649;1873;0
72;1425;1639;1829;0
73;1425;1641;1855;0
74;1425;1636;1847;0
75;1425;1639;1866;0
76;1425;1631;1836;0
77;1425;1630;1852;0
78;1425;1622;1828;0
79;1425;1622;1839;0
80;1425;1612;1811;0
81;1390;1619;1858;0
82;1390;1613;1837;0
83;1390;1612;1842;0
84;1390;1596;1776;0
85;1390;1598;1798;0
86;1390;1599;1812;0
87;1390;1601;1840;0
88;1390;1593;1809;0
89;1390;1602;1866;0
90;1390;1584;1801;0
91;1390;1580;1795;0
92;1390;1575;1789;0
93;1390;1577;1803;0
94;1390;1577;1817;0
95;1390;1567;1777;0
96;1390;1572;1808;0
97;1382;1566;1787;0
98;1382;1569;1824;0
99;1341;1562;1796;0
100;1341;1563;1810;2585
101;1341;1559;1792;2585
102;1341;1552;1774;2585
103;1341;1557;1815;2585
104;1341;1545;1762;2585
105;1341;1550;1792;2585
106;1341;1551;1815;2585
107;1341;1536;1756;2585
108;1341;1537;1763;2585
109;1327;1533;1752;2585
110;1327;1545;1819;2585
111;1327;1535;1780;2585
112;1327;1532;1784;2585
113;1327;1537;1808;2585
114;1327;1532;1789;2585
115;1327;1532;1803;2585
116;1327;1518;1738;2585
117;1327;1514;1735;2585
118;1294;1508;1718;2585
119;1294;1512;1746;2585
120;1294;1525;1817;2585
121;1294;1514;1770;2585
122;1294;1506;1740;2585
123;1294;1498;1704;2585
124;1294;1503;1744;2585
125;1292;1501;1747;2585
126;1292;1491;1706;2585
127;1292;1499;1753;2585
128;1292;1490;1720;2585
129;1292;1493;1747;2585
130;1292;1487;1726;2585
131;1292;1488;1738;2585
132;1292;1491;1761;2585
133;1292;1475;1695;2585
134;1292;1481;1735;2585
135;1292;1481;1739;2585
136;1292;1478;1727;2585
137;1292;1475;1720;2585
138;1292;1469;1706;2585
139;1292;1476;1748;2585
140;1281;1472;1735;2585
141;1281;1465;1705;2585
142;1281;1462;1703;2585
143;1281;1464;1718;2585
144;1281;1456;1689;2585
145;1281;1462;1715;2585
146;1281;1462;1733;2585
147;1270;1461;1733;2585
148;1270;1452;1693;2585
149;1270;1460;1739;2585
150;1270;1441;1654;2585
151;1270;1455;1727;2585
152;1270;1447;1699;2585
153;1270;1455;1737;2585
154;1270;1440;1677;2585
155;1270;1441;1688;2585
156;1270;1439;1691;2585
157;1270;1443;1706;2585
158;1270;1435;1678;2585
159;1270;1433;1669;2585
160;1270;1438;1698;2585
161;1270;1438;1707;2585
162;1270;1435;1691;2585
163;1270;1436;1697;2585
164;1270;1429;1673;2585
165;1270;1428;1677;2585
166;1270;1440;1745;2585
167;1270;1429;1693;2585
168;1270;1422;1665;2585
169;1270;1429;1700;2585
170;1270;1430;1710;2585
171;1267;1428;1702;2585
172;1267;1425;1695;2585
173;1267;1418;1665;2585
174;1267;1424;1701;2585
175;1267;1417;1676;2585
176;1267;1409;1639;2585
177;1257;1419;1693;2585
178;1257;1411;1659;2585
179;1257;1421;1714;2585
180;1257;1404;1637;2585
181;1257;1407;1656;2585
182;1257;1405;1654;2585
183;1257;1409;1684;2585
184;1257;1398;1622;2585
185;1257;1406;1669;2585
186;1257;1414;1722;2585
187;1257;1400;1651;2585
188;1254;1395;1636;2585
189;1254;1393;1633;2585
190;1217;1397;1659;2585
191;1217;1393;1637;2585
192;1217;1397;1663;2585
193;1217;1390;1637;2585
194;1217;1395;1664;2585
195;1215;1389;1638;2585
196;1215;1394;1655;2585
197;1215;1392;1658;2585
198;1215;1385;1628;2585
199;1215;1386;1635;2585
200;1215;1384;1638;2305
201;1215;1391;1663;2305
202;1215;1380;1621;2305
203;1215;1390;1669;2305
204;1215;1386;1656;2305
205;1215;1380;1634;2305
206;1215;1384;1651;2305
207;1213;1381;1642;2305
208;1213;1387;1679;2305
209;1213;1371;1606;2305
210;1213;1378;1642;2305
211;1213;1379;1653;2305
212;1213;1380;1664;2305
213;1213;1366;1604;2305
214;1213;1375;1645;2305
215;1213;1371;1634;2305
216;1213;1378;1668;2305
217;1213;1380;1684;2305
218;1213;1366;1623;2305
219;1213;1367;1633;2305
220;1213;1372;1656;2305
221;1213;1366;1628;2305
222;1213;1376;1687;2305
223;1213;1358;1596;2305
224;1213;1367;1644;2305
225;1213;1367;1642;2305
226;1213;1365;1647;2305
227;1213;1361;1623;2305
228;1213;1365;1636;2305
229;1213;1363;1636;2305
230;1213;1357;1608;2305
231;1213;1352;1599;2305
232;1213;1357;1626;2305
233;1203;1351;1602;2305
234;1203;1360;1647;2305
235;1203;1360;1638;2305
236;1203;1357;1632;2305
237;1203;1352;1604;2305
238;1203;1354;1630;2305
239;1203;1344;1583;2305
240;1203;1350;1617;2305
241;1203;1351;1621;2305
242;1203;1357;1648;2305
243;1203;1345;1600;2305
244;1203;1345;1604;2305
245;1203;1351;1635;2305
246;1189;1338;1579;2305
247;1189;1348;1632;2305
248;1189;1337;1577;2305
249;1189;1344;1619;2305
250;1189;1332;1565;2305
251;1189;1345;1631;2305
252;1189;1337;1591;2305
253;1189;1345;1642;2305
254;1189;1335;1594;2305
255;1189;1334;1592;2305
256;1189;1336;1596;2305
257;1174;1346;1651;2305
258;1174;1337;1609;2305
259;1174;1341;1636;2305
260;1174;1333;1599;2305
261;1174;1330;1586;2305
262;1174;1335;1613;2305
263;1174;1329;1588;2305
264;1174;1330;1594;2305
265;1174;1334;1621;2305
266;1174;1335;1625;2305
267;1120;1338;1652;2305
268;1120;1335;1640;2305
269;1120;1325;1593;2305
270;1120;1332;1618;2305
271;1120;1325;1585;2305
272;1120;1324;1591;2305
273;1120;1326;1604;2305
274;1120;1330;1628;2305
275;1120;1325;1603;2305
276;1120;1328;1613;2305
277;1120;1321;1583;2305
278;1117;1316;1578;2305
279;1117;1323;1617;2305
280;1117;1323;1612;2305
281;1117;1329;1645;2305
282;1117;1325;1631;2305
283;1117;1314;1575;2305
284;1117;1316;1597;2305
285;1117;1315;1594;2305
286;1117;1309;1565;2305
287;1117;1312;1586;2305
288;1117;1308;1564;2305
289;1117;1308;1569;2305
290;1117;1306;1566;2305
291;1117;1304;1557;2305
292;1117;1302;1551;2305
293;1117;1307;1586;2305
294;1117;1305;1573;2305
295;1117;1307;1579;2305
296;1117;1310;1600;2305
297;1117;1305;1572;2305
298;1117;1304;1584;2305
299;1117;1301;1572;2305
300;1117;1304;1587;2225
301;1117;1302;1575;2225
302;1117;1307;1610;2225
303;1117;1300;1578;2225
304;1117;1306;1613;2225
305;1117;1308;1621;2225
306;1117;1291;1540;2225
307;1117;1300;1585;2225
308;1117;1290;1538;2225
309;1117;1291;1551;2225
310;1117;1297;1581;2225
311;1117;1296;1573;2225
312;1117;1283;1518;2225
313;1117;1300;1593;2225
314;1117;1286;1529;2225
315;1110;1281;1520;2225
316;1110;1293;1576;2225
317;1110;1287;1549;2225
318;1110;1300;1614;2225
319;1110;1288;1561;2225
320;1110;1283;1540;2225
321;1110;1287;1563;2225
322;1110;1291;1585;2225
323;1110;1289;1578;2225
324;1110;1287;1566;2225
325;1110;1290;1583;2225
326;1110;1275;1516;2225
327;1110;1278;1531;2225
328;1110;1289;1579;2225
329;1110;1283;1558;2225
330;1110;1282;1552;2225
331;1110;1285;1575;2225
332;1110;1294;1618;2225
333;1110;1277;1550;2225
334;1110;1284;1577;2225
335;1110;1277;1540;2225
336;1110;1284;1583;2225
337;1110;1283;1575;2225
338;1110;1280;1564;2225
339;1110;1273;1531;2225
340;1110;1276;1553;2225
341;1110;1281;1579;2225
342;1110;1284;1582;2225
343;1110;1288;1608;2225
344;1110;1274;1550;2225
345;1110;1277;1565;2225
346;1110;1272;1548;2225
347;1110;1272;1542;2225
348;1110;1277;1558;2225
349;1110;1270;1536;2225
350;1110;1279;1594;2225
351;1110;1283;1608;2225
352;1110;1274;1571;2225
353;1110;1270;1544;2225
354;1110;1269;1546;2225
355;1110;1262;1517;2225
356;1110;1267;1549;2225
357;1110;1265;1537;2225
358;1110;1265;1542;2225
359;1110;1268;1554;2225
360;1110;1259;1517;2225
361;1110;1264;1536;2225
362;1110;1265;1546;2225
363;1110;1265;1560;2225
364;1110;1264;1552;2225
365;1110;1263;1549;2225
366;1110;1270;1585;2225
367;1110;1269;1584;2225
368;1110;1262;1551;2225
369;1110;1263;1551;2225
370;1110;1256;1527;2225
371;1107;1250;1495;2225
372;1107;1256;1516;2225
373;1107;1268;1582;2225
374;1107;1257;1536;2225
375;1107;1265;1572;2225
376;1107;1263;1565;2225
377;1107;1250;1504;2225
378;1107;1254;1525;2225
379;1107;1258;1545;2225
380;1107;1256;1542;2225
381;1107;1257;1543;2225
382;1107;1248;1502;2225
383;1107;1259;1554;2225
384;1107;1250;1517;2225
385;1107;1252;1526;2225
386;1107;1251;1518;2225
387;1107;1256;1557;2225
388;1107;1259;1561;2225
389;1107;1259;1567;2225
390;1107;1253;1532;2225
391;1107;1247;1507;2225
392;1107;1253;1536;2225
393;1107;1256;1551;2225
394;1107;1251;1532;2225
395;1107;1250;1534;2225
396;1107;1256;1572;2225
397;1107;1247;1523;2225
398;1107;1254;1558;2225
399;1107;1255;1562;2225
400;1107;1246;1521;2198
401;1107;1250;1545;2198
402;1107;1243;1516;2198
403;1107;1245;1532;2198
404;1104;1242;1516;2198
405;1104;1245;1531;2198
406;1104;1246;1528;2198
407;1104;1255;1579;2198
408;1104;1251;1561;2198
409;1104;1250;1558;2198
410;1104;1244;1531;2198
411;1104;1250;1563;2198
412;1104;1240;1522;2198
413;1104;1246;1553;2198
414;1104;1239;1520;2198
415;1104;1245;1549;2198
416;1104;1241;1532;2198
417;1104;1242;1538;2198
418;1104;1234;1500;2198
419;1104;1239;1528;2198
420;1104;1241;1532;2198
421;1104;1241;1543;2198
422;1104;1242;1541;2198
423;1104;1235;1508;2198
424;1104;1238;1532;2198
425;1104;1238;1531;2198
426;1104;1235;1526;2198
427;1104;1247;1574;2198
428;1104;1232;1518;2198
429;1104;1234;1519;2198
430;1104;1242;1561;2198
431;1104;1227;1489;2198
432;1104;1230;1512;2198
433;1104;1234;1536;2198
434;1104;1237;1543;2198
435;1104;1230;1509;2198
436;1104;1227;1506;2198
437;1104;1230;1513;2198
438;1104;1235;1544;2198
439;1104;1231;1520;2198
440;1104;1233;1526;2198
441;1087;1226;1495;2198
442;1087;1237;1550;2198
443;1087;1230;1521;2198
444;1087;1228;1506;2198
445;1087;1224;1494;2198
446;1087;1230;1526;2198
447;1087;1226;1500;2198
448;1087;1229;1524;2198
449;1087;1224;1504;2198
450;1087;1233;1544;2198
451;1087;1229;1531;2198
452;1087;1218;1476;2198
453;1087;1226;1514;2198
454;1087;1233;1557;2198
455;1087;1231;1536;2198
456;1087;1229;1535;2198
457;1087;1224;1510;2198
458;1087;1222;1510;2198
459;1087;1231;1543;2198
460;1087;1227;1524;2198
461;1087;1218;1489;2198
462;1087;1229;1551;2198
463;1087;1220;1499;2198
464;1087;1222;1516;2198
465;1087;1227;1546;2198
466;1087;1216;1490;2198
467;1087;1225;1520;2198
468;1087;1218;1493;2198
469;1087;1211;1465;2198
470;1087;1226;1543;2198
471;1087;1221;1512;2198
472;1087;1228;1549;2198
473;1087;1219;1499;2198
474;1087;1221;1519;2198
475;1087;1221;1512;2198
476;1087;1224;1530;2198
477;1087;1217;1497;2198
478;1087;1216;1496;2198
479;1087;1226;1542;2198
480;1087;1222;1524;2198
481;1087;1228;1551;2198
482;1087;1213;1479;2198
483;1087;1221;1517;2198
484;1087;1226;1544;2198
485;1087;1224;1537;2198
486;1087;1216;1502;2198
487;1087;1218;1518;2198
488;1087;1222;1535;2198
489;1087;1214;1502;2198
490;1087;1219;1521;2198
491;1087;1219;1522;2198
492;1087;1209;1472;2198
493;1087;1220;1532;2198
494;1087;1214;1504;2198
495;1087;1217;1516;2198
496;1087;1224;1551;2198
497;1087;1205;1457;2198
498;1087;1213;1501;2198
499;1087;1225;1568;2198
500;1086;1212;1493;2151
501;1086;1212;1503;2151
502;1086;1214;1512;2151
503;1086;1211;1500;2151
504;1086;1214;1513;2151
505;1086;1208;1488;2151
506;1086;1210;1498;2151
507;1086;1216;1520;2151
508;1086;1204;1465;2151
509;1086;1219;1538;2151
510;1086;1210;1497;2151
511;1086;1209;1494;2151
512;1086;1208;1494;2151
513;1086;1208;1497;2151
514;1086;1217;1538;2151
515;1086;1212;1510;2151
516;1086;1213;1522;2151
517;1086;1202;1472;2151
518;1086;1206;1492;2151
519;1086;1196;1445;2151
520;1086;1201;1472;2151
521;1086;1212;1519;2151
522;1086;1213;1522;2151
523;1086;1208;1504;2151
524;1086;1207;1504;2151
525;1086;1204;1491;2151
526;1086;1201;1478;2151
527;1086;1207;1501;2151
528;1086;1209;1508;2151
529;1086;1204;1494;2151
530;1086;1202;1491;2151
531;1086;1203;1489;2151
532;1086;1200;1472;2151
533;1086;1203;1487;2151
534;1086;1205;1502;2151
535;1086;1205;1498;2151
536;1086;1213;1535;2151
537;1086;1209;1516;2151
538;1086;1212;1540;2151
539;1086;1208;1517;2151
540;1086;1203;1487;2151
541;1086;1208;1515;2151
542;1086;1209;1515;2151
543;1086;1203;1493;2151
544;1086;1204;1506;2151
545;1086;1197;1467;2151
546;1086;1202;1496;2151
547;1086;1196;1468;2151
548;1086;1207;1519;2151
549;1086;1207;1523;2151
550;1086;1196;1471;2151
551;1086;1200;1484;2151
552;1086;1210;1537;2151
553;1081;1202;1498;2151
554;1081;1208;1524;2151
555;1081;1204;1498;2151
556;1081;1196;1477;2151
557;1081;1204;1509;2151
558;1081;1208;1529;2151
559;1081;1195;1475;2151
560;1081;1208;1526;2151
561;1081;1196;1475;2151
562;1081;1191;1452;2151
563;1081;1197;1481;2151
564;1081;1195;1469;2151
565;1081;1204;1513;2151
566;1081;1207;1523;2151
567;1081;1196;1478;2151
568;1081;1203;1516;2151
569;1081;1194;1475;2151
570;1081;1197;1486;2151
571;1081;1197;1489;2151
572;1081;1198;1496;2151
573;1081;1200;1493;2151
574;1081;1194;1473;2151
575;1081;1197;1488;2151
576;1081;1196;1480;2151
577;1081;1205;1519;2151
578;1081;1202;1515;2151
579;1077;1203;1528;2151
580;1077;1191;1459;2151
581;1077;1200;1504;2151
582;1077;1210;1553;2151
583;1077;1199;1506;2151
584;1073;1194;1482;2151
585;1073;1189;1462;2151
586;1073;1197;1496;2151
587;1073;1194;1486;2151
588;1073;1185;1442;2151
589;1073;1196;1489;2151
590;1073;1203;1523;2151
591;1073;1207;1544;2151
592;1073;1195;1489;2151
593;1073;1189;1463;2151
594;1073;1193;1475;2151
595;1073;1194;1484;2151
596;1073;1199;1505;2151
597;1073;1200;1511;2151
598;1073;1191;1477;2151
599;1073;1191;1479;2151
600;1073;1185;1456;2128
601;1070;1198;1509;2128
602;1070;1198;1516;2128
603;1070;1191;1478;2128
604;1070;1200;1517;2128
605;1070;1189;1465;2128
606;1070;1191;1484;2128
607;1070;1191;1486;2128
608;1070;1193;1493;2128
609;1070;1191;1484;2128
610;1070;1197;1507;2128
611;1070;1194;1498;2128
612;1070;1186;1464;2128
613;1070;1191;1484;2128
614;1070;1200;1530;2128
615;1060;1190;1480;2128
616;1060;1177;1423;2128
617;1060;1192;1486;2128
618;1060;1194;1501;2128
619;1060;1190;1481;2128
620;1060;1186;1468;2128
621;1060;1186;1468;2128
622;1060;1185;1466;2128
623;1060;1185;1467;2128
624;1060;1187;1479;2128
625;1060;1191;1500;2128
626;1060;1193;1505;2128
627;1060;1184;1462;2128
628;1060;1190;1490;2128
629;1060;1191;1494;2128
630;1060;1195;1517;2128
631;1060;1186;1473;2128
632;1060;1190;1499;2128
633;1060;1183;1464;2128
634;1060;1175;1433;2128
635;1060;1190;1494;2128
636;1060;1182;1466;2128
637;1060;1184;1470;2128
638;1060;1183;1470;2128
639;1060;1182;1464;2128
640;1060;1193;1519;2128
641;1060;1177;1439;2128
642;1060;1185;1477;2128
643;1057;1187;1488;2128
644;1057;1182;1468;2128
645;1057;1190;1501;2128
646;1057;1187;1490;2128
647;1057;1183;1475;2128
648;1057;1190;1508;2128
649;1057;1182;1476;2128
650;1057;1179;1460;2128
651;1057;1184;1478;2128
652;1057;1179;1460;2128
653;1057;1184;1484;2128
654;1057;1183;1467;2128
655;1057;1196;1534;2128
656;1057;1174;1433;2128
657;1057;1183;1471;2128
658;1057;1196;1549;2128
659;1057;1183;1478;2128
660;1057;1182;1474;2128
661;1057;1178;1464;2128
662;1057;1183;1481;2128
663;1057;1173;1434;2128
664;1057;1181;1480;2128
665;1057;1182;1473;2128
666;1057;1182;1474;2128
667;1057;1189;1511;2128
668;1057;1179;1468;2128
669;1057;1183;1486;2128
670;1057;1189;1521;2128
671;1057;1168;1407;2128
672;1057;1177;1457;2128
673;1057;1181;1475;2128
674;1057;1176;1458;2128
675;1057;1181;1482;2128
676;1057;1181;1483;2128
677;1057;1184;1493;2128
678;1057;1180;1482;2128
679;1057;1180;1479;2128
680;1057;1178;1463;2128
681;1057;1181;1485;2128
682;1057;1183;1488;2128
683;1057;1171;1428;2128
684;1057;1179;1470;2128
685;1057;1180;1472;2128
686;1057;1180;1484;2128
687;1057;1181;1486;2128
688;1057;1171;1437;2128
689;1057;1183;1498;2128
690;1057;1176;1465;2128
691;1057;1181;1477;2128
692;1057;1173;1451;2128
693;1057;1168;1433;2128
694;1057;1177;1469;2128
695;1057;1178;1478;2128
696;1057;1185;1507;2128
697;1057;1178;1485;2128
698;1057;1167;1431;2128
699;1057;1185;1521;2128
700;1057;1184;1500;2082
701;1057;1175;1466;2082
702;1057;1181;1494;2082
703;1057;1161;1406;2082
704;1057;1177;1475;2082
705;1057;1176;1468;2082
706;1055;1168;1441;2082
707;1055;1166;1429;2082
708;1055;1179;1496;2082
709;1055;1175;1472;2082
710;1055;1174;1465;2082
711;1055;1164;1419;2082
712;1055;1168;1447;2082
713;1055;1171;1453;2082
714;1055;1174;1467;2082
715;1047;1170;1464;2082
716;1047;1167;1434;2082
717;1047;1166;1440;2082
718;1047;1175;1479;2082
719;1047;1176;1480;2082
720;1047;1171;1457;2082
721;1047;1181;1498;2082
722;1047;1170;1455;2082
723;1047;1171;1460;2082
724;1047;1181;1511;2082
725;1047;1173;1471;2082
726;1047;1168;1444;2082
727;1047;1183;1521;2082
728;1047;1173;1480;2082
729;1047;1159;1409;2082
730;1047;1174;1485;2082
731;1047;1176;1486;2082
732;1047;1173;1475;2082
733;1047;1179;1508;2082
734;1047;1166;1443;2082
735;1047;1177;1487;2082
736;1047;1179;1500;2082
737;1047;1176;1493;2082
738;1047;1170;1464;2082
739;1047;1176;1497;2082
740;1047;1169;1467;2082
741;1047;1177;1506;2082
742;1047;1163;1437;2082
743;1047;1175;1493;2082
744;1047;1168;1455;2082
745;1047;1167;1452;2082
746;1047;1167;1457;2082
747;1047;1168;1458;2082
748;1047;1176;1497;2082
749;1047;1169;1468;2082
750;1047;1161;1427;2082
751;1047;1171;1469;2082
752;1047;1162;1433;2082
753;1047;1165;1451;2082
754;1047;1173;1492;2082
755;1047;1179;1517;2082
756;1047;1173;1489;2082
757;1047;1172;1493;2082
758;1047;1171;1475;2082
759;1047;1166;1460;2082
760;1047;1168;1463;2082
761;1047;1178;1511;2082
762;1047;1164;1440;2082
763;1047;1169;1469;2082
764;1047;1167;1466;2082
765;1047;1170;1473;2082
766;1047;1164;1443;2082
767;1047;1172;1492;2082
768;1047;1173;1485;2082
769;1047;1172;1498;2082
770;1047;1171;1483;2082
771;1047;1171;1493;2082
772;1047;1164;1448;2082
773;1047;1170;1479;2082
774;1047;1158;1428;2082
775;1047;1166;1458;2082
776;1047;1165;1457;2082
777;1047;1168;1468;2082
778;1047;1166;1459;2082
779;1047;1167;1455;2082
780;1047;1165;1454;2082
781;1047;1167;1463;2082
782;1047;1169;1475;2082
783;1047;1172;1494;2082
784;1047;1173;1504;2082
785;1047;1162;1444;2082
786;1047;1158;1431;2082
787;1047;1174;1516;2082
788;1047;1162;1448;2082
789;1047;1162;1457;2082
790;1047;1180;1527;2082
791;1047;1161;1450;2082
792;1047;1167;1472;2082
793;1047;1163;1459;2082
794;1047;1165;1467;2082
795;1047;1166;1462;2082
796;1047;1162;1461;2082
797;1047;1177;1525;2082
798;1047;1171;1505;2082
799;1047;1169;1486;2082
800;1047;1161;1452;2096
801;1047;1171;1499;2096
802;1047;1164;1464;2096
803;1047;1167;1479;2096
804;1047;1166;1468;2096
805;1047;1154;1418;2096
806;1047;1175;1514;2096
807;1047;1165;1472;2096
808;1047;1162;1470;2096
809;1047;1164;1463;2096
810;1047;1166;1479;2096
811;1047;1169;1491;2096
812;1047;1165;1474;2096
813;1047;1170;1494;2096
814;1047;1159;1452;2096
815;1047;1151;1413;2096
816;1047;1164;1471;2096
817;1047;1150;1409;2096
818;1047;1168;1496;2096
819;1047;1164;1470;2096
820;1047;1164;1472;2096
821;1047;1157;1439;2096
822;1047;1168;1489;2096
823;1047;1167;1478;2096
824;1047;1173;1516;2096
825;1047;1169;1502;2096
826;1047;1168;1484;2096
827;1047;1152;1422;2096
828;1047;1153;1425;2096
829;1047;1161;1467;2096
830;1047;1153;1422;2096
831;1047;1160;1461;2096
832;1047;1154;1429;2096
833;1047;1163;1471;2096
834;1047;1157;1448;2096
835;1047;1158;1453;2096
836;1047;1162;1465;2096
837;1047;1157;1447;2096
838;1047;1153;1424;2096
839;1047;1161;1474;2096
840;1047;1166;1492;2096
841;1047;1154;1432;2096
842;1047;1165;1488;2096
843;1047;1168;1500;2096
844;1047;1160;1461;2096
845;1047;1159;1448;2096
846;1047;1164;1485;2096
847;1047;1150;1424;2096
848;1047;1163;1482;2096
849;1047;1156;1449;2096
850;1047;1165;1498;2096
851;1047;1157;1463;2096
852;1047;1164;1486;2096
853;1047;1157;1460;2096
854;1047;1164;1498;2096
855;1047;1165;1495;2096
856;1047;1157;1446;2096
857;1047;1162;1477;2096
858;1047;1156;1448;2096
859;1047;1159;1466;2096
860;1047;1152;1434;2096
861;1047;1168;1504;2096
862;1047;1160;1473;2096
863;1037;1161;1479;2096
864;1037;1165;1500;2096
865;1037;1153;1445;2096
866;1037;1163;1478;2096
867;1037;1152;1441;2096
868;1037;1153;1441;2096
869;1037;1159;1467;2096
870;1037;1158;1459;2096
871;1037;1153;1448;2096
872;1037;1157;1467;2096
873;1037;1160;1477;2096
874;1037;1160;1484;2096
875;1037;1159;1475;2096
876;1037;1153;1438;2096
877;1037;1151;1439;2096
878;1037;1146;1414;2096
879;1037;1153;1447;2096
880;1037;1156;1453;2096
881;1037;1153;1454;2096
882;1037;1163;1494;2096
883;1037;1152;1438;2096
884;1037;1159;1469;2096
885;1037;1163;1501;2096
886;1037;1160;1482;2096
887;1037;1158;1472;2096
888;1037;1165;1508;2096
889;1037;1160;1479;2096
890;1037;1161;1488;2096
891;1037;1144;1407;2096
892;1037;1145;1406;2096
893;1037;1159;1482;2096
894;1037;1152;1450;2096
895;1037;1154;1455;2096
896;1037;1151;1442;2096
897;1037;1147;1419;2096
898;1037;1158;1480;2096
899;1037;1152;1447;2096
900;1037;1153;1449;2119
901;1037;1153;1457;2119
902;1037;1146;1419;2119
903;1037;1159;1475;2119
904;1037;1165;1514;2119
905;1037;1156;1464;2119
906;1037;1157;1474;2119
907;1037;1152;1450;2119
908;1037;1156;1477;2119
909;1037;1149;1443;2119
910;1037;1152;1459;2119
911;1037;1154;1462;2119
912;1037;1155;1461;2119
913;1037;1151;1447;2119
914;1037;1152;1456;2119
915;1037;1153;1465;2119
916;1037;1151;1442;2119
917;1037;1150;1442;2119
918;1032;1143;1411;2119
919;1032;1155;1473;2119
920;1032;1158;1485;2119
921;1032;1150;1439;2119
922;1032;1157;1483;2119
923;1032;1150;1443;2119
924;1032;1157;1477;2119
925;1032;1158;1496;2119
926;1032;1153;1472;2119
927;1032;1141;1408;2119
928;1032;1158;1488;2119
929;1032;1147;1442;2119
930;1032;1153;1463;2119
931;1032;1156;1478;2119
932;1032;1152;1463;2119
933;1032;1149;1448;2119
934;1032;1162;1515;2119
935;1032;1160;1499;2119
936;1032;1148;1439;2119
937;1032;1154;1478;2119
938;1032;1156;1481;2119
939;1023;1153;1467;2119
940;1023;1145;1439;2119
941;1023;1144;1430;2119
942;1023;1144;1419;2119
943;1023;1140;1418;2119
944;1023;1151;1466;2119
945;1023;1150;1449;2119
946;1023;1150;1454;2119
947;1023;1147;1443;2119
948;1023;1152;1466;2119
949;1023;1155;1483;2119
950;1023;1144;1434;2119
951;1023;1153;1475;2119
952;1023;1145;1439;2119
953;1023;1144;1424;2119
954;1023;1149;1450;2119
955;1023;1152;1477;2119
956;1023;1147;1445;2119
957;1023;1153;1477;2119
958;1023;1151;1468;2119
959;1023;1148;1444;2119
960;1023;1152;1472;2119
961;1023;1152;1475;2119
962;1023;1144;1438;2119
963;1023;1152;1473;2119
964;1023;1146;1443;2119
965;1023;1146;1452;2119
966;1023;1148;1458;2119
967;1023;1152;1480;2119
968;1023;1152;1471;2119
969;1023;1145;1444;2119
970;1023;1151;1469;2119
971;1023;1147;1445;2119
972;1023;1149;1460;2119
973;1023;1141;1425;2119
974;1023;1137;1400;2119
975;1023;1147;1452;2119
976;1023;1140;1425;2119
977;1023;1139;1416;2119
978;1023;1154;1484;2119
979;1023;1140;1428;2119
980;1023;1149;1463;2119
981;1023;1149;1470;2119
982;1023;1149;1468;2119
983;1023;1143;1430;2119
984;1023;1140;1421;2119
985;1023;1142;1436;2119
986;1023;1148;1459;2119
987;1023;1147;1460;2119
988;1023;1140;1429;2119
989;1023;1147;1460;2119
990;1023;1142;1437;2119
991;1023;1149;1464;2119
992;1023;1147;1452;2119
993;1023;1155;1501;2119
994;1023;1151;1481;2119
995;1023;1143;1443;2119
996;1023;1145;1445;2119
997;1023;1151;1475;2119
998;1023;1140;1422;2119
999;1023;1149;1472;2119
1000;1023;1134;1405;2117
1001;1023;1148;1478;2117
1002;1023;1144;1456;2117
1003;1023;1141;1432;2117
1004;1023;1138;1417;2117
1005;1023;1145;1449;2117
1006;1023;1147;1460;2117
1007;1023;1136;1413;2117
1008;1023;1147;1463;2117
1009;1023;1143;1447;2117
1010;1023;1133;1395;2117
1011;1023;1148;1472;2117
1012;1023;1143;1450;2117
1013;1023;1145;1459;2117
1014;1023;1140;1435;2117
1015;1023;1148;1471;2117
1016;1023;1143;1447;2117
1017;1019;1138;1428;2117
1018;1019;1145;1459;2117
1019;1019;1141;1442;2117
1020;1019;1153;1498;2117
1021;1019;1144;1453;2117
1022;1019;1138;1431;2117
1023;1019;1138;1424;2117
1024;1019;1142;1444;2117
1025;1018;1141;1442;2117
1026;1018;1140;1441;2117
1027;1018;1140;1445;2117
1028;1018;1141;1440;2117
1029;1018;1137;1431;2117
1030;1018;1136;1421;2117
1031;1018;1148;1477;2117
1032;1018;1136;1420;2117
1033;1018;1146;1484;2117
1034;1018;1129;1394;2117
1035;1018;1148;1473;2117
1036;1018;1145;1470;2117
1037;1018;1134;1422;2117
1038;1018;1131;1407;2117
1039;1018;1133;1409;2117
1040;1018;1133;1406;2117
1041;1018;1142;1456;2117
1042;1018;1135;1418;2117
1043;1018;1146;1473;2117
1044;1018;1140;1448;2117
1045;1018;1139;1445;2117
1046;1018;1132;1409;2117
1047;1018;1145;1471;2117
1048;1018;1135;1424;2117
1049;1018;1134;1425;2117
1050;1018;1128;1390;2117
1051;1018;1144;1462;2117
1052;1018;1132;1407;2117
1053;1018;1139;1441;2117
1054;1018;1143;1463;2117
1055;1018;1141;1458;2117
1056;1018;1133;1415;2117
1057;1018;1126;1383;2117
1058;1018;1139;1447;2117
1059;1018;1137;1442;2117
1060;1018;1148;1488;2117
1061;1018;1132;1419;2117
1062;1018;1134;1432;2117
1063;1018;1131;1418;2117
1064;1009;1130;1416;2117
1065;1009;1133;1429;2117
1066;1009;1132;1420;2117
1067;1009;1136;1444;2117
1068;1009;1138;1448;2117
1069;1009;1138;1455;2117
1070;1009;1134;1437;2117
1071;1009;1133;1431;2117
1072;1009;1138;1453;2117
1073;1009;1134;1430;2117
1074;1009;1132;1427;2117
1075;1009;1136;1449;2117
1076;1009;1146;1493;2117
1077;1009;1128;1413;2117
1078;1009;1143;1476;2117
1079;1009;1133;1435;2117
1080;1009;1132;1430;2117
1081;1009;1132;1429;2117
1082;1009;1125;1399;2117
1083;1009;1138;1455;2117
1084;1009;1134;1441;2117
1085;1009;1138;1459;2117
1086;1009;1130;1420;2117
1087;1009;1138;1458;2117
1088;1009;1136;1446;2117
1089;1009;1125;1401;2117
1090;1009;1138;1460;2117
1091;1009;1134;1445;2117
1092;1009;1138;1471;2117
1093;1009;1133;1434;2117
1094;1009;1135;1447;2117
1095;1009;1128;1420;2117
1096;1009;1122;1393;2117
1097;1009;1133;1440;2117
1098;1009;1135;1448;2117
1099;1009;1126;1407;2117
1100;1009;1131;1435;2088
1101;1009;1139;1475;2088
1102;1009;1131;1433;2088
1103;1009;1126;1412;2088
1104;1009;1133;1447;2088
1105;1009;1125;1410;2088
1106;1009;1126;1411;2088
1107;1009;1140;1477;2088
1108;1009;1142;1488;2088
1109;1009;1134;1458;2088
1110;1009;1127;1422;2088
1111;1009;1130;1432;2088
1112;1009;1145;1502;2088
1113;1009;1145;1511;2088
1114;1009;1132;1442;2088
1115;1009;1132;1447;2088
1116;1009;1135;1465;2088
1117;1009;1126;1415;2088
1118;1009;1131;1434;2088
1119;1009;1130;1432;2088
1120;1009;1116;1373;2088
1121;1009;1130;1441;2088
1122;1009;1132;1444;2088
1123;1009;1129;1434;2088
1124;1009;1130;1429;2088
1125;1009;1135;1462;2088
1126;1009;1135;1464;2088
1127;1009;1119;1391;2088
1128;1009;1130;1437;2088
1129;1009;1123;1408;2088
1130;1009;1139;1484;2088
1131;1009;1120;1398;2088
1132;1009;1133;1457;2088
1133;1009;1130;1440;2088
1134;1009;1130;1444;2088
1135;1009;1132;1446;2088
1136;1009;1132;1443;2088
1137;1009;1125;1419;2088
1138;1009;1129;1433;2088
1139;1009;1123;1408;2088
1140;1009;1126;1422;2088
1141;1009;1133;1454;2088
1142;1009;1126;1433;2088
1143;1009;1127;1427;2088
1144;1009;1127;1433;2088
1145;1009;1131;1449;2088
1146;1009;1134;1461;2088
1147;1009;1123;1409;2088
1148;1009;1127;1429;2088
1149;1009;1133;1460;2088
1150;1009;1127;1436;2088
1151;1009;1123;1405;2088
1152;1009;1135;1468;2088
1153;1009;1137;1480;2088
1154;1009;1123;1417;2088
1155;1009;1131;1464;2088
1156;1009;1132;1455;2088
1157;1009;1130;1443;2088
1158;1009;1135;1468;2088
1159;1009;1128;1439;2088
1160;1009;1125;1426;2088
1161;1009;1125;1428;2088
1162;1005;1122;1417;2088
1163;1005;1125;1429;2088
1164;1005;1127;1428;2088
1165;1005;1134;1462;2088
1166;1005;1129;1440;2088
1167;1005;1134;1468;2088
1168;1005;1131;1457;2088
1169;1005;1121;1408;2088
1170;1005;1133;1473;2088
1171;1005;1124;1427;2088
1172;1005;1124;1414;2088
1173;1005;1130;1453;2088
1174;1005;1129;1452;2088
1175;1005;1133;1465;2088
1176;1005;1119;1412;2088
1177;1005;1128;1452;2088
1178;1005;1125;1440;2088
1179;1005;1127;1436;2088
1180;1005;1132;1472;2088
1181;1005;1128;1451;2088
1182;1005;1137;1488;2088
1183;1005;1119;1399;2088
1184;1005;1125;1438;2088
1185;1005;1123;1426;2088
1186;1005;1129;1458;2088
1187;1005;1122;1426;2088
1188;1005;1120;1412;2088
1189;1005;1128;1459;2088
1190;1005;1124;1425;2088
1191;1005;1112;1371;2088
1192;1005;1126;1427;2088
1193;1005;1129;1462;2088
1194;1005;1126;1439;2088
1195;1005;1128;1454;2088
1196;1005;1124;1431;2088
1197;1005;1129;1451;2088
1198;1005;1120;1418;2088
1199;1005;1126;1440;2088
1200;1005;1124;1433;2107
1201;1005;1119;1409;2107
1202;1005;1126;1446;2107
1203;1005;1134;1471;2107
1204;1005;1129;1452;2107
1205;1005;1124;1431;2107
1206;1005;1135;1482;2107
1207;1005;1121;1419;2107
1208;1005;1123;1431;2107
1209;1005;1112;1379;2107
1210;1005;1120;1416;2107
1211;1005;1126;1444;2107
1212;1005;1121;1414;2107
1213;1005;1112;1378;2107
1214;1005;1122;1428;2107
1215;1005;1127;1456;2107
1216;1005;1128;1456;2107
1217;1005;1113;1383;2107
1218;1005;1126;1448;2107
1219;1005;1122;1427;2107
1220;1005;1115;1402;2107
1221;1001;1125;1452;2107
1222;1001;1115;1394;2107
1223;1001;1122;1425;2107
1224;1001;1121;1425;2107
1225;1001;1122;1434;2107
1226;1001;1131;1474;2107
1227;1001;1116;1402;2107
1228;1001;1121;1425;2107
1229;1001;1115;1396;2107
1230;1001;1124;1435;2107
1231;1001;1115;1393;2107
1232;1001;1129;1470;2107
1233;1001;1128;1460;2107
1234;1001;1116;1401;2107
1235;1001;1126;1456;2107
1236;1001;1117;1408;2107
1237;1001;1122;1435;2107
1238;1001;1118;1410;2107
1239;1001;1120;1435;2107
1240;1001;1126;1461;2107
1241;1001;1126;1454;2107
1242;1001;1116;1409;2107
1243;1001;1113;1397;2107
1244;1001;1125;1455;2107
1245;1001;1120;1422;2107
1246;1001;1113;1400;2107
1247;1001;1136;1501;2107
1248;1001;1121;1436;2107
1249;1001;1118;1417;2107
1250;1001;1118;1415;2107
1251;1001;1120;1430;2107
1252;1001;1123;1447;2107
1253;1001;1122;1445;2107
1254;1001;1115;1406;2107
1255;1001;1123;1451;2107
1256;1001;1110;1385;2107
1257;1001;1117;1421;2107
1258;1001;1129;1469;2107
1259;1001;1118;1423;2107
1260;1001;1123;1443;2107
1261;1001;1125;1460;2107
1262;1001;1120;1423;2107
1263;1001;1127;1461;2107
1264;1001;1117;1413;2107
1265;1001;1124;1466;2107
1266;1001;1122;1445;2107
1267;1001;1116;1411;2107
1268;1001;1117;1422;2107
1269;1001;1133;1496;2107
1270;1001;1113;1395;2107
1271;1001;1131;1485;2107
1272;1001;1125;1460;2107
1273;1001;1106;1376;2107
1274;1001;1116;1415;2107
1275;1001;1121;1436;2107
1276;1001;1110;1389;2107
1277;1001;1125;1466;2107
1278;1001;1105;1370;2107
1279;1001;1122;1445;2107
1280;1001;1116;1421;2107
1281;1001;1121;1442;2107
1282;1001;1117;1419;2107
1283;1001;1128;1470;2107
1284;1001;1116;1415;2107
1285;1001;1111;1391;2107
1286;1001;1115;1407;2107
1287;1001;1120;1438;2107
1288;1001;1109;1391;2107
1289;1001;1115;1410;2107
1290;1001;1109;1392;2107
1291;1001;1108;1390;2107
1292;1001;1110;1395;2107
1293;1001;1121;1441;2107
1294;1001;1116;1424;2107
1295;1001;1120;1436;2107
1296;1001;1114;1416;2107
1297;1001;1125;1458;2107
1298;1001;1110;1394;2107
1299;1001;1108;1389;2107
1300;1001;1116;1425;2078
1301;1001;1114;1408;2078
1302;1001;1119;1434;2078
1303;1001;1123;1455;2078
1304;1001;1123;1452;2078
1305;1001;1118;1437;2078
1306;1001;1116;1421;2078
1307;1001;1124;1458;2078
1308;1001;1108;1386;2078
1309;1001;1115;1418;2078
1310;1001;1120;1438;2078
1311;1001;1120;1443;2078
1312;1001;1122;1459;2078
1313;1001;1116;1426;2078
1314;1001;1121;1452;2078
1315;1001;1111;1404;2078
1316;1001;1119;1439;2078
1317;1001;1111;1400;2078
1318;1001;1112;1402;2078
1319;1001;1114;1421;2078
1320;1001;1117;1424;2078
1321;1001;1110;1398;2078
1322;1001;1122;1460;2078
1323;1001;1110;1393;2078
1324;1001;1117;1437;2078
1325;1001;1112;1410;2078
1326;1001;1122;1450;2078
1327;1001;1112;1412;2078
1328;1001;1118;1431;2078
1329;1001;1118;1440;2078
1330;1001;1127;1482;2078
1331;1001;1119;1442;2078
1332;1001;1113;1415;2078
1333;1001;1113;1415;2078
1334;1001;1115;1423;2078
1335;1001;1114;1423;2078
1336;1001;1127;1486;2078
1337;1001;1115;1425;2078
1338;1001;1113;1420;2078
1339;1001;1109;1397;2078
1340;1001;1113;1418;2078
1341;1001;1109;1395;2078
1342;1001;1105;1383;2078
1343;1001;1113;1413;2078
1344;1001;1115;1428;2078
1345;1001;1114;1422;2078
1346;1001;1113;1419;2078
1347;1001;1110;1406;2078
1348;1001;1122;1461;2078
1349;1001;1113;1414;2078
1350;1001;1116;1433;2078
1351;1001;1113;1421;2078
1352;1001;1111;1413;2078
1353;1001;1116;1434;2078
1354;1001;1106;1386;2078
1355;1001;1110;1405;2078
1356;1001;1111;1405;2078
1357;1001;1121;1455;2078
1358;1001;1120;1451;2078
1359;1001;1114;1421;2078
1360;1001;1116;1429;2078
1361;1001;1107;1393;2078
1362;1001;1116;1437;2078
1363;1001;1117;1431;2078
1364;1001;1120;1450;2078
1365;1001;1117;1439;2078
1366;1001;1120;1450;2078
1367;1001;1119;1451;2078
1368;1001;1116;1430;2078
1369;1001;1103;1371;2078
1370;1001;1118;1439;2078
1371;1001;1114;1427;2078
1372;1001;1123;1461;2078
1373;1001;1113;1427;2078
1374;1001;1113;1424;2078
1375;1001;1117;1440;2078
1376;1001;1109;1404;2078
1377;1001;1110;1400;2078
1378;1001;1111;1419;2078
1379;1001;1107;1389;2078
1380;1001;1114;1432;2078
1381;1001;1119;1456;2078
1382;1001;1113;1431;2078
1383;1001;1111;1410;2078
1384;1001;1117;1448;2078
1385;1001;1116;1432;2078
1386;1001;1123;1464;2078
1387;1001;1118;1446;2078
1388;1001;1107;1395;2078
1389;1001;1111;1410;2078
1390;1001;1115;1432;2078
1391;1001;1114;1426;2078
1392;1001;1114;1428;2078
1393;1001;1112;1426;2078
1394;1001;1119;1446;2078
1395;1001;1106;1391;2078
1396;1001;1112;1422;2078
1397;1001;1119;1461;2078
1398;1001;1113;1424;2078
1399;1001;1112;1416;2078
1400;1001;1117;1452;2075
1401;1001;1114;1429;2075
1402;1001;1108;1398;2075
1403;1001;1108;1401;2075
1404;1001;1112;1422;2075
1405;1001;1118;1455;2075
1406;1001;1119;1454;2075
1407;1001;1113;1424;2075
1408;1001;1111;1421;2075
1409;1001;1118;1454;2075
1410;1001;1113;1433;2075
1411;1001;1108;1409;2075
1412;1001;1101;1368;2075
1413;1001;1101;1372;2075
1414;1001;1107;1398;2075
1415;1001;1105;1394;2075
1416;1001;1114;1440;2075
1417;1001;1115;1443;2075
1418;1001;1107;1410;2075
1419;1001;1114;1438;2075
1420;1001;1117;1457;2075
1421;1001;1114;1437;2075
1422;1001;1120;1471;2075
1423;1001;1120;1461;2075
1424;1001;1120;1466;2075
1425;1001;1115;1440;2075
1426;1001;1115;1441;2075
1427;1001;1116;1450;2075
1428;1001;1108;1413;2075
1429;1001;1104;1393;2075
1430;1001;1107;1405;2075
1431;1001;1105;1391;2075
1432;1001;1120;1465;2075
1433;1001;1112;1433;2075
1434;1001;1110;1412;2075
1435;1001;1116;1448;2075
1436;1001;1107;1399;2075
1437;1001;1112;1422;2075
1438;1001;1113;1436;2075
1439;1001;1113;1433;2075
1440;1001;1117;1458;2075
1441;1001;1112;1420;2075
1442;1001;1110;1411;2075
1443;1001;1109;1410;2075
1444;1001;1105;1397;2075
1445;1001;1115;1451;2075
1446;1001;1111;1415;2075
1447;1001;1111;1421;2075
1448;1001;1119;1458;2075
1449;1001;1110;1416;2075
1450;1001;1115;1445;2075
1451;1001;1108;1416;2075
1452;1001;1114;1437;2075
1453;1001;1124;1476;2075
1454;1001;1117;1446;2075
1455;1001;1112;1428;2075
1456;1001;1110;1414;2075
1457;1001;1111;1427;2075
1458;1001;1118;1453;2075
1459;1001;1109;1422;2075
1460;1001;1114;1440;2075
1461;1001;1113;1434;2075
1462;1001;1116;1445;2075
1463;1001;1107;1409;2075
1464;1001;1113;1442;2075
1465;1001;1106;1397;2075
1466;1001;1113;1426;2075
1467;1001;1099;1367;2075
1468;1001;1107;1412;2075
1469;1001;1114;1442;2075
1470;1001;1109;1413;2075
1471;1001;1121;1469;2075
1472;1001;1107;1405;2075
1473;1001;1104;1387;2075
1474;1001;1111;1432;2075
1475;1001;1103;1391;2075
1476;1001;1106;1405;2075
1477;1001;1113;1445;2075
1478;1001;1110;1422;2075
1479;1001;1112;1430;2075
1480;1001;1116;1446;2075
1481;1001;1105;1396;2075
1482;1001;1113;1431;2075
1483;1001;1116;1443;2075
1484;1001;1110;1419;2075
1485;1001;1109;1416;2075
1486;1001;1104;1397;2075
1487;1001;1104;1400;2075
1488;1001;1110;1427;2075
1489;1001;1112;1436;2075
1490;1001;1115;1437;2075
1491;1001;1119;1471;2075
1492;1001;1108;1415;2075
1493;1001;1104;1389;2075
1494;1001;1121;1482;2075
1495;1001;1112;1440;2075
1496;1001;1105;1401;2075
1497;1001;1104;1390;2075
1498;1001;1114;1438;2075
1499;1001;1103;1388;2075
1500;1001;1112;1430;2079
1501;1001;1108;1420;2079
1502;1001;1112;1445;2079
1503;1001;1108;1417;2079
1504;1001;1105;1398;2079
1505;1001;1114;1438;2079
1506;1001;1103;1385;2079
1507;1001;1119;1469;2079
1508;1001;1120;1465;2079
1509;1001;1110;1420;2079
1510;1001;1107;1402;2079
1511;1001;1103;1397;2079
1512;1001;1110;1426;2079
1513;1001;1118;1470;2079
1514;1001;1108;1407;2079
1515;1001;1110;1434;2079
1516;1001;1108;1420;2079
1517;1001;1108;1411;2079
1518;1001;1113;1438;2079
1519;1001;1104;1395;2079
1520;1001;1118;1467;2079
1521;1001;1110;1431;2079
1522;1001;1105;1406;2079
1523;1001;1114;1443;2079
1524;1001;1106;1406;2079
1525;1001;1102;1388;2079
1526;1001;1113;1444;2079
1527;1001;1100;1377;2079
1528;1001;1110;1421;2079
1529;1001;1103;1397;2079
1530;1001;1111;1440;2079
1531;1001;1101;1379;2079
1532;1001;1109;1432;2079
1533;1001;1118;1466;2079
1534;1001;1102;1389;2079
1535;1001;1112;1439;2079
1536;1001;1114;1445;2079
1537;993;1115;1445;2079
1538;993;1102;1401;2079
1539;993;1111;1435;2079
1540;993;1107;1418;2079
1541;993;1100;1379;2079
1542;993;1106;1414;2079
1543;993;1116;1454;2079
1544;993;1110;1432;2079
1545;993;1109;1419;2079
1546;993;1104;1404;2079
1547;993;1102;1390;2079
1548;993;1109;1428;2079
1549;993;1106;1415;2079
1550;993;1114;1456;2079
1551;993;1106;1412;2079
1552;993;1108;1426;2079
1553;993;1111;1438;2079
1554;993;1109;1432;2079
1555;993;1111;1445;2079
1556;993;1115;1462;2079
1557;993;1116;1457;2079
1558;993;1106;1419;2079
1559;993;1104;1403;2079
1560;993;1114;1445;2079
1561;993;1111;1434;2079
1562;993;1114;1453;2079
1563;993;1104;1411;2079
1564;993;1108;1428;2079
1565;993;1107;1424;2079
1566;993;1110;1438;2079
1567;993;1112;1445;2079
1568;993;1099;1373;2079
1569;993;1110;1436;2079
1570;993;1105;1406;2079
1571;993;1109;1436;2079
1572;993;1111;1445;2079
1573;993;1121;1484;2079
1574;993;1097;1372;2079
1575;993;1108;1430;2079
1576;993;1100;1388;2079
1577;993;1101;1393;2079
1578;993;1111;1440;2079
1579;993;1098;1377;2079
1580;993;1110;1437;2079
1581;993;1110;1440;2079
1582;993;1102;1389;2079
1583;993;1102;1397;2079
1584;993;1106;1419;2079
1585;993;1104;1407;2079
1586;993;1103;1399;2079
1587;993;1098;1376;2079
1588;993;1101;1390;2079
1589;993;1111;1443;2079
1590;993;1103;1397;2079
1591;993;1106;1421;2079
1592;993;1107;1418;2079
1593;993;1112;1433;2079
1594;993;1111;1438;2079
1595;993;1102;1402;2079
1596;993;1112;1440;2079
1597;993;1106;1408;2079
1598;993;1102;1398;2079
1599;993;1114;1454;2079
1600;993;1102;1396;2072
1601;993;1107;1420;2072
1602;993;1105;1421;2072
1603;993;1102;1404;2072
1604;993;1109;1425;2072
1605;993;1107;1420;2072
1606;993;1113;1449;2072
1607;993;1110;1433;2072
1608;993;1108;1430;2072
1609;993;1102;1395;2072
1610;993;1108;1418;2072
1611;993;1108;1433;2072
1612;993;1103;1403;2072
1613;993;1109;1433;2072
1614;993;1116;1462;2072
1615;993;1100;1381;2072
1616;993;1099;1387;2072
1617;993;1107;1422;2072
1618;993;1098;1385;2072
1619;993;1103;1398;2072
1620;993;1105;1406;2072
1621;993;1113;1454;2072
1622;993;1101;1403;2072
1623;993;1110;1445;2072
1624;993;1105;1416;2072
1625;993;1108;1430;2072
1626;993;1109;1431;2072
1627;993;1113;1449;2072
1628;993;1106;1423;2072
1629;993;1106;1422;2072
1630;993;1093;1355;2072
1631;993;1098;1381;2072
1632;993;1101;1399;2072
1633;993;1110;1438;2072
1634;993;1105;1412;2072
1635;993;1106;1424;2072
1636;993;1101;1392;2072
1637;993;1111;1441;2072
1638;993;1117;1469;2072
1639;993;1108;1420;2072
1640;993;1109;1440;2072
1641;993;1105;1415;2072
1642;993;1119;1485;2072
1643;993;1106;1412;2072
1644;993;1106;1417;2072
1645;993;1107;1421;2072
1646;993;1103;1398;2072
1647;993;1106;1420;2072
1648;993;1105;1417;2072
1649;993;1107;1423;2072
1650;993;1097;1381;2072
1651;993;1104;1407;2072
1652;993;1108;1426;2072
1653;993;1107;1432;2072
1654;993;1111;1436;2072
1655;993;1104;1406;2072
1656;993;1114;1452;2072
1657;993;1103;1406;2072
1658;993;1105;1418;2072
1659;993;1104;1413;2072
1660;993;1103;1404;2072
1661;993;1099;1382;2072
1662;993;1113;1455;2072
1663;993;1102;1405;2072
1664;993;1104;1413;2072
1665;993;1115;1461;2072
1666;993;1108;1437;2072
1667;993;1102;1402;2072
1668;993;1098;1380;2072
1669;993;1109;1435;2072
1670;993;1105;1416;2072
1671;993;1107;1435;2072
1672;993;1107;1432;2072
1673;993;1109;1435;2072
1674;993;1113;1446;2072
1675;993;1104;1406;2072
1676;993;1110;1445;2072
1677;993;1097;1381;2072
1678;993;1117;1472;2072
1679;993;1112;1452;2072
1680;993;1101;1395;2072
1681;993;1111;1450;2072
1682;993;1100;1393;2072
1683;993;1103;1398;2072
1684;993;1107;1423;2072
1685;993;1102;1398;2072
1686;993;1107;1423;2072
1687;993;1101;1395;2072
1688;993;1103;1401;2072
1689;993;1105;1413;2072
1690;993;1103;1403;2072
1691;993;1108;1433;2072
1692;993;1099;1384;2072
1693;993;1112;1443;2072
1694;993;1103;1404;2072
1695;993;1100;1399;2072
1696;993;1101;1403;2072
1697;993;1107;1418;2072
1698;993;1096;1377;2072
1699;993;1107;1432;2072
1700;993;1103;1408;2077
1701;993;1094;1367;2077
1702;993;1108;1434;2077
1703;993;1105;1424;2077
1704;993;1099;1390;2077
1705;993;1103;1411;2077
1706;993;1098;1382;2077
1707;993;1109;1430;2077
1708;993;1096;1375;2077
1709;993;1101;1400;2077
1710;993;1106;1425;2077
1711;993;1106;1419;2077
1712;993;1109;1444;2077
1713;993;1107;1416;2077
1714;993;1101;1395;2077
1715;993;1102;1403;2077
1716;993;1096;1377;2077
1717;993;1103;1406;2077
1718;993;1108;1433;2077
1719;993;1108;1435;2077
1720;993;1090;1341;2077
1721;993;1109;1442;2077
1722;993;1099;1396;2077
1723;993;1100;1394;2077
1724;993;1110;1438;2077
1725;993;1098;1395;2077
1726;993;1100;1391;2077
1727;993;1106;1419;2077
1728;993;1106;1419;2077
1729;993;1118;1476;2077
1730;993;1100;1402;2077
1731;993;1102;1402;2077
1732;993;1105;1418;2077
1733;993;1107;1429;2077
1734;993;1110;1432;2077
1735;993;1107;1427;2077
1736;993;1104;1409;2077
1737;993;1107;1428;2077
1738;993;1103;1410;2077
1739;993;1103;1408;2077
1740;993;1099;1396;2077
1741;993;1101;1399;2077
1742;993;1105;1418;2077
1743;993;1096;1372;2077
1744;993;1098;1385;2077
1745;993;1102;1405;2077
1746;993;1108;1432;2077
1747;993;1109;1444;2077
1748;993;1103;1409;2077
1749;993;1108;1440;2077
1750;993;1104;1419;2077
1751;993;1110;1448;2077
1752;993;1097;1382;2077
1753;993;1105;1421;2077
1754;992;1108;1426;2077
1755;992;1100;1396;2077
1756;992;1111;1449;2077
1757;992;1098;1385;2077
1758;992;1101;1399;2077
1759;992;1116;1475;2077
1760;992;1102;1409;2077
1761;992;1107;1424;2077
1762;992;1100;1402;2077
1763;992;1101;1407;2077
1764;992;1107;1433;2077
1765;992;1096;1375;2077
1766;992;1098;1387;2077
1767;992;1106;1429;2077
1768;992;1099;1392;2077
1769;992;1108;1434;2077
1770;992;1100;1394;2077
1771;992;1102;1409;2077
1772;992;1108;1439;2077
1773;992;1103;1407;2077
1774;992;1104;1413;2077
1775;992;1108;1435;2077
1776;992;1111;1449;2077
1777;992;1095;1374;2077
1778;992;1107;1438;2077
1779;992;1099;1399;2077
1780;992;1095;1372;2077
1781;992;1104;1416;2077
1782;992;1103;1413;2077
1783;992;1115;1462;2077
1784;992;1101;1403;2077
1785;992;1104;1420;2077
1786;992;1107;1437;2077
1787;992;1108;1438;2077
1788;992;1103;1417;2077
1789;992;1098;1396;2077
1790;992;1101;1399;2077
1791;992;1103;1416;2077
1792;992;1108;1433;2077
1793;992;1107;1432;2077
1794;992;1104;1422;2077
1795;992;1111;1452;2077
1796;992;1099;1392;2077
1797;992;1100;1396;2077
1798;992;1102;1411;2077
1799;992;1106;1426;2077
1800;992;1101;1401;2081
1801;992;1098;1391;2081
1802;992;1095;1373;2081
1803;992;1104;1426;2081
1804;992;1099;1389;2081
1805;992;1111;1446;2081
1806;992;1108;1436;2081
1807;992;1105;1422;2081
1808;992;1103;1417;2081
1809;992;1103;1409;2081
1810;992;1111;1449;2081
1811;992;1100;1395;2081
1812;992;1103;1407;2081
1813;992;1108;1438;2081
1814;992;1108;1446;2081
1815;992;1104;1425;2081
1816;992;1104;1422;2081
1817;992;1106;1430;2081
1818;992;1101;1399;2081
1819;992;1110;1451;2081
1820;992;1101;1412;2081
1821;992;1098;1387;2081
1822;992;1097;1387;2081
1823;992;1098;1385;2081
1824;992;1107;1429;2081
1825;992;1098;1389;2081
1826;992;1108;1444;2081
1827;992;1106;1419;2081
1828;992;1112;1456;2081
1829;992;1105;1424;2081
1830;992;1109;1437;2081
1831;992;1108;1435;2081
1832;992;1105;1423;2081
1833;992;1100;1400;2081
1834;992;1101;1408;2081
1835;992;1107;1432;2081
1836;992;1106;1422;2081
1837;992;1109;1441;2081
1838;992;1104;1415;2081
1839;992;1106;1437;2081
1840;992;1106;1425;2081
1841;992;1103;1412;2081
1842;992;1107;1431;2081
1843;992;1093;1372;2081
1844;992;1110;1446;2081
1845;992;1100;1403;2081
1846;992;1109;1447;2081
1847;992;1098;1395;2081
1848;992;1091;1360;2081
1849;992;1100;1402;2081
1850;992;1112;1455;2081
1851;992;1101;1404;2081
1852;992;1095;1372;2081
1853;992;1104;1417;2081
1854;992;1110;1439;2081
1855;992;1100;1412;2081
1856;992;1097;1390;2081
1857;992;1098;1392;2081
1858;992;1100;1403;2081
1859;992;1100;1403;2081
1860;992;1099;1392;2081
1861;992;1105;1423;2081
1862;992;1103;1413;2081
1863;972;1104;1426;2081
1864;972;1106;1429;2081
1865;972;1098;1386;2081
1866;972;1109;1444;2081
1867;972;1110;1456;2081
1868;972;1112;1457;2081
1869;972;1106;1425;2081
1870;972;1108;1440;2081
1871;972;1111;1455;2081
1872;972;1108;1435;2081
1873;972;1096;1376;2081
1874;972;1102;1415;2081
1875;972;1098;1399;2081
1876;972;1100;1396;2081
1877;972;1104;1420;2081
1878;972;1107;1433;2081
1879;972;1114;1468;2081
1880;972;1100;1408;2081
1881;972;1103;1411;2081
1882;972;1100;1401;2081
1883;972;1102;1410;2081
1884;972;1107;1438;2081
1885;972;1109;1436;2081
1886;972;1096;1381;2081
1887;972;1102;1417;2081
1888;972;1101;1415;2081
1889;972;1096;1388;2081
1890;972;1103;1413;2081
1891;972;1094;1379;2081
1892;972;1096;1382;2081
1893;972;1102;1415;2081
1894;972;1099;1396;2081
1895;972;1099;1394;2081
1896;972;1103;1413;2081
1897;972;1107;1442;2081
1898;972;1095;1387;2081
1899;972;1092;1361;2081
1900;972;1109;1442;2080
1901;972;1106;1430;2080
1902;972;1096;1384;2080
1903;972;1113;1464;2080
1904;972;1106;1424;2080
1905;972;1107;1437;2080
1906;972;1091;1358;2080
1907;972;1100;1403;2080
1908;972;1096;1386;2080
1909;972;1101;1418;2080
1910;972;1098;1400;2080
1911;972;1104;1422;2080
1912;972;1101;1415;2080
1913;972;1101;1410;2080
1914;972;1106;1441;2080
1915;972;1105;1432;2080
1916;972;1100;1411;2080
1917;972;1106;1436;2080
1918;972;1105;1430;2080
1919;972;1112;1451;2080
1920;972;1103;1419;2080
1921;972;1106;1429;2080
1922;972;1104;1422;2080
1923;972;1103;1416;2080
1924;972;1106;1432;2080
1925;972;1102;1422;2080
1926;972;1103;1409;2080
1927;972;1101;1403;2080
1928;972;1099;1407;2080
1929;972;1103;1414;2080
1930;972;1105;1428;2080
1931;972;1105;1419;2080
1932;972;1105;1429;2080
1933;972;1104;1422;2080
1934;972;1094;1378;2080
1935;972;1108;1444;2080
1936;972;1101;1418;2080
1937;972;1098;1402;2080
1938;972;1106;1435;2080
1939;972;1100;1406;2080
1940;972;1108;1443;2080
1941;972;1100;1401;2080
1942;972;1104;1421;2080
1943;972;1100;1408;2080
1944;972;1107;1440;2080
1945;972;1111;1457;2080
1946;972;1099;1392;2080
1947;972;1106;1438;2080
1948;972;1111;1453;2080
1949;972;1109;1452;2080
1950;972;1105;1431;2080
1951;972;1097;1379;2080
1952;972;1106;1422;2080
1953;972;1099;1404;2080
1954;972;1096;1385;2080
1955;972;1097;1381;2080
1956;972;1103;1422;2080
1957;972;1097;1389;2080
1958;972;1104;1419;2080
1959;972;1107;1438;2080
1960;972;1100;1401;2080
1961;972;1102;1416;2080
1962;972;1103;1418;2080
1963;972;1100;1406;2080
1964;972;1115;1482;2080
1965;972;1094;1377;2080
1966;972;1099;1404;2080
1967;972;1099;1402;2080
1968;972;1101;1410;2080
1969;972;1103;1416;2080
1970;972;1105;1425;2080
1971;972;1106;1431;2080
1972;972;1107;1433;2080
1973;972;1104;1434;2080
1974;972;1109;1443;2080
1975;972;1114;1477;2080
1976;972;1096;1385;2080
1977;972;1103;1422;2080
1978;972;1094;1382;2080
1979;972;1101;1418;2080
1980;972;1104;1422;2080
1981;972;1095;1392;2080
1982;972;1105;1425;2080
1983;972;1095;1387;2080
1984;972;1094;1378;2080
1985;972;1094;1377;2080
1986;972;1098;1394;2080
1987;972;1100;1406;2080
1988;972;1106;1436;2080
1989;972;1102;1403;2080
1990;972;1097;1394;2080
1991;972;1100;1405;2080
1992;972;1094;1379;2080
1993;972;1104;1432;2080
1994;972;1105;1424;2080
1995;972;1103;1414;2080
1996;972;1108;1446;2080
1997;972;1100;1402;2080
1998;972;1097;1392;2080
1999;972;1104;1418;2080
2000;972;1105;1425;2081
2001;972;1112;1455;2081
2002;972;1103;1427;2081
2003;972;1102;1420;2081
2004;972;1108;1448;2081
2005;972;1099;1395;2081
2006;972;1106;1429;2081
2007;972;1099;1402;2081
2008;972;1101;1416;2081
2009;972;1104;1424;2081
2010;972;1099;1402;2081
2011;972;1107;1439;2081
2012;972;1103;1416;2081
2013;972;1102;1421;2081
2014;972;1103;1425;2081
2015;972;1094;1378;2081
2016;972;1094;1384;2081
2017;972;1096;1395;2081
2018;972;1106;1438;2081
2019;972;1098;1396;2081
2020;972;1103;1422;2081
2021;972;1099;1399;2081
2022;972;1090;1365;2081
2023;972;1104;1428;2081
2024;972;1098;1392;2081
2025;972;1112;1460;2081
2026;972;1101;1416;2081
2027;972;1098;1404;2081
2028;972;1094;1383;2081
2029;972;1099;1400;2081
2030;972;1094;1378;2081
2031;972;1096;1388;2081
2032;972;1100;1411;2081
2033;972;1103;1426;2081
2034;972;1101;1416;2081
2035;972;1106;1427;2081
2036;972;1104;1427;2081
2037;972;1098;1400;2081
2038;972;1091;1366;2081
2039;972;1099;1408;2081
2040;972;1090;1367;2081
2041;972;1103;1414;2081
2042;972;1097;1400;2081
2043;972;1107;1438;2081
2044;972;1102;1416;2081
2045;972;1097;1390;2081
2046;972;1095;1381;2081
2047;972;1105;1433;2081
2048;972;1096;1387;2081
2049;972;1097;1394;2081
2050;972;1104;1431;2081
2051;972;1107;1441;2081
2052;972;1112;1468;2081
2053;972;1105;1439;2081
2054;972;1103;1422;2081
2055;972;1098;1405;2081
2056;972;1110;1457;2081
2057;972;1096;1392;2081
2058;972;1106;1428;2081
2059;972;1108;1450;2081
2060;972;1093;1378;2081
2061;972;1092;1370;2081
2062;972;1093;1375;2081
2063;972;1101;1414;2081
2064;972;1104;1426;2081
2065;972;1096;1388;2081
2066;972;1111;1465;2081
2067;972;1104;1432;2081
2068;972;1102;1419;2081
2069;972;1108;1447;2081
2070;972;1101;1417;2081
2071;972;1106;1446;2081
2072;972;1104;1438;2081
2073;972;1107;1439;2081
2074;972;1102;1425;2081
2075;972;1099;1406;2081
2076;972;1098;1399;2081
2077;972;1095;1393;2081
2078;972;1103;1417;2081
2079;972;1102;1427;2081
2080;972;1102;1419;2081
2081;972;1102;1426;2081
2082;972;1099;1402;2081
2083;972;1095;1388;2081
2084;972;1101;1420;2081
2085;972;1087;1354;2081
2086;972;1100;1402;2081
2087;972;1107;1445;2081
2088;972;1105;1429;2081
2089;972;1102;1422;2081
2090;972;1100;1413;2081
2091;972;1095;1386;2081
2092;972;1104;1428;2081
2093;972;1097;1395;2081
2094;972;1096;1384;2081
2095;972;1094;1377;2081
2096;972;1096;1394;2081
2097;972;1103;1425;2081
2098;972;1099;1407;2081
2099;972;1098;1401;2081
2100;972;1095;1386;2065
2101;972;1107;1449;2065
2102;972;1109;1451;2065
2103;972;1102;1420;2065
2104;972;1101;1421;2065
2105;972;1109;1450;2065
2106;972;1099;1410;2065
2107;972;1101;1407;2065
2108;972;1098;1402;2065
2109;972;1106;1433;2065
2110;972;1105;1430;2065
2111;972;1099;1410;2065
2112;972;1099;1404;2065
2113;972;1101;1416;2065
2114;972;1102;1426;2065
2115;972;1097;1400;2065
2116;972;1098;1396;2065
2117;972;1090;1366;2065
2118;972;1096;1393;2065
2119;972;1099;1406;2065
2120;972;1101;1416;2065
2121;972;1104;1438;2065
2122;972;1095;1388;2065
2123;972;1099;1408;2065
2124;972;1099;1414;2065
2125;972;1102;1422;2065
2126;972;1103;1428;2065
2127;972;1095;1387;2065
2128;972;1098;1401;2065
2129;972;1102;1414;2065
2130;972;1098;1401;2065
2131;972;1105;1436;2065
2132;972;1104;1438;2065
2133;972;1093;1381;2065
2134;972;1099;1409;2065
2135;972;1100;1414;2065
2136;972;1099;1402;2065
2137;972;1100;1410;2065
2138;972;1090;1370;2065
2139;972;1096;1394;2065
2140;972;1097;1401;2065
2141;972;1095;1386;2065
2142;972;1099;1405;2065
2143;972;1097;1400;2065
2144;972;1103;1427;2065
2145;972;1098;1404;2065
2146;972;1108;1448;2065
2147;972;1100;1405;2065
2148;972;1095;1400;2065
2149;972;1102;1414;2065
2150;972;1095;1399;2065
2151;972;1099;1414;2065
2152;972;1107;1452;2065
2153;972;1095;1392;2065
2154;972;1101;1416;2065
2155;972;1109;1454;2065
2156;972;1100;1416;2065
2157;972;1101;1429;2065
2158;972;1106;1443;2065
2159;972;1099;1409;2065
2160;972;1102;1424;2065
2161;972;1106;1440;2065
2162;972;1102;1424;2065
2163;972;1098;1403;2065
2164;972;1090;1370;2065
2165;972;1102;1427;2065
2166;972;1101;1424;2065
2167;972;1096;1395;2065
2168;972;1094;1380;2065
2169;972;1102;1435;2065
2170;972;1097;1405;2065
2171;972;1101;1414;2065
2172;972;1100;1411;2065
2173;972;1102;1421;2065
2174;972;1102;1421;2065
2175;972;1090;1368;2065
2176;972;1106;1444;2065
2177;972;1095;1394;2065
2178;972;1098;1402;2065
2179;972;1098;1409;2065
2180;972;1096;1396;2065
2181;972;1103;1433;2065
2182;972;1098;1411;2065
2183;972;1097;1403;2065
2184;972;1094;1388;2065
2185;972;1099;1415;2065
2186;972;1103;1423;2065
2187;972;1102;1432;2065
2188;972;1104;1437;2065
2189;972;1100;1415;2065
2190;972;1098;1408;2065
2191;972;1100;1422;2065
2192;972;1101;1425;2065
2193;972;1099;1418;2065
2194;972;1098;1407;2065
2195;972;1095;1397;2065
2196;972;1093;1392;2065
2197;972;1103;1445;2065
2198;972;1092;1381;2065
2199;972;1103;1437;2065
2200;972;1096;1405;2065
2201;972;1109;1459;2065
2202;972;1094;1391;2065
2203;972;1094;1391;2065
2204;972;1103;1437;2065
2205;972;1098;1400;2065
2206;972;1095;1398;2065
2207;972;1101;1423;2065
2208;972;1100;1419;2065
2209;972;1092;1379;2065
2210;972;1089;1375;2065
2211;972;1106;1454;2065
2212;972;1100;1418;2065
2213;972;1093;1388;2065
2214;972;1095;1392;2065
2215;972;1098;1411;2065
2216;972;1098;1409;2065
2217;972;1099;1411;2065
2218;972;1106;1452;2065
2219;972;1095;1398;2065
2220;972;1096;1404;2065
2221;972;1098;1415;2065
2222;972;1094;1392;2065
2223;972;1095;1396;2065
2224;972;1094;1392;2065
2225;972;1100;1421;2065
2226;972;1100;1431;2065
2227;972;1090;1372;2065
2228;972;1096;1402;2065
2229;972;1093;1387;2065
2230;972;1096;1400;2065
2231;972;1095;1400;2065
2232;972;1089;1371;2065
2233;972;1085;1356;2065
2234;972;1096;1402;2065
2235;972;1096;1403;2065
2236;972;1095;1392;2065
2237;972;1098;1405;2065
2238;972;1097;1401;2065
2239;972;1089;1364;2065
2240;972;1090;1378;2065
2241;972;1103;1427;2065
2242;972;1101;1408;2065
2243;972;1092;1390;2065
2244;972;1106;1461;2065
2245;972;1107;1452;2065
2246;972;1097;1402;2065
2247;972;1099;1411;2065
2248;972;1093;1391;2065
2249;972;1106;1439;2065
2250;972;1094;1399;2065
2251;972;1100;1419;2065
2252;972;1092;1380;2065
2253;972;1102;1430;2065
2254;972;1098;1419;2065
2255;972;1099;1428;2065
2256;972;1100;1429;2065
2257;972;1100;1434;2065
2258;972;1100;1421;2065
2259;972;1092;1391;2065
2260;972;1092;1392;2065
2261;972;1103;1438;2065
2262;972;1092;1390;2065
2263;972;1098;1416;2065
2264;972;1100;1419;2065
2265;972;1089;1377;2065
2266;972;1101;1433;2065
2267;972;1105;1450;2065
2268;972;1096;1413;2065
2269;972;1103;1435;2065
2270;972;1105;1448;2065
2271;972;1097;1410;2065
2272;972;1102;1438;2065
2273;972;1103;1441;2065
2274;972;1104;1441;2065
2275;972;1101;1433;2065
2276;972;1098;1420;2065
2277;972;1101;1431;2065
2278;972;1102;1430;2065
2279;972;1091;1387;2065
2280;972;1100;1435;2065
2281;972;1092;1390;2065
2282;972;1091;1382;2065
2283;972;1097;1418;2065
2284;972;1108;1472;2065
2285;972;1096;1410;2065
2286;972;1106;1462;2065
2287;972;1107;1467;2065
2288;972;1097;1418;2065
2289;972;1099;1420;2065
2290;972;1097;1417;2065
2291;972;1095;1400;2065
2292;972;1096;1408;2065
2293;972;1099;1426;2065
2294;972;1097;1406;2065
2295;972;1102;1445;2065
2296;972;1096;1412;2065
2297;972;1098;1416;2065
2298;972;1095;1403;2065
2299;972;1092;1393;2065
2300;972;1098;1428;2062
2301;972;1103;1433;2062
2302;972;1102;1437;2062
2303;972;1098;1422;2062
2304;972;1098;1425;2062
2305;972;1098;1417;2062
2306;972;1104;1444;2062
2307;972;1093;1397;2062
2308;972;1097;1418;2062
2309;972;1099;1421;2062
2310;972;1095;1408;2062
2311;972;1096;1415;2062
2312;972;1100;1428;2062
2313;972;1091;1381;2062
2314;972;1101;1431;2062
2315;972;1093;1402;2062
2316;972;1090;1386;2062
2317;972;1107;1463;2062
2318;972;1097;1418;2062
2319;972;1093;1395;2062
2320;972;1095;1400;2062
2321;972;1097;1420;2062
2322;972;1097;1416;2062
2323;972;1096;1412;2062
2324;972;1096;1409;2062
2325;972;1098;1415;2062
2326;972;1092;1386;2062
2327;972;1100;1430;2062
2328;972;1091;1390;2062
2329;972;1104;1450;2062
2330;972;1094;1401;2062
2331;972;1098;1426;2062
2332;972;1093;1404;2062
2333;972;1098;1425;2062
2334;972;1089;1379;2062
2335;972;1096;1420;2062
2336;972;1088;1382;2062
2337;972;1100;1436;2062
2338;972;1099;1437;2062
2339;972;1096;1417;2062
2340;972;1097;1423;2062
2341;972;1093;1400;2062
2342;972;1091;1401;2062
2343;972;1098;1422;2062
2344;972;1096;1412;2062
2345;972;1092;1396;2062
2346;972;1096;1418;2062
2347;972;1091;1389;2062
2348;972;1095;1411;2062
2349;972;1090;1378;2062
2350;972;1101;1445;2062
2351;972;1091;1387;2062
2352;972;1097;1415;2062
2353;972;1090;1380;2062
2354;972;1089;1370;2062
2355;972;1090;1384;2062
2356;972;1096;1414;2062
2357;972;1096;1423;2062
2358;972;1094;1407;2062
2359;972;1095;1409;2062
2360;972;1096;1416;2062
2361;972;1102;1442;2062
2362;972;1088;1372;2062
2363;972;1097;1425;2062
2364;972;1089;1378;2062
2365;972;1092;1399;2062
2366;972;1100;1431;2062
2367;972;1097;1419;2062
2368;972;1086;1370;2062
2369;972;1093;1410;2062
2370;972;1094;1408;2062
2371;972;1090;1394;2062
2372;972;1091;1390;2062
2373;972;1094;1412;2062
2374;972;1095;1417;2062
2375;972;1093;1403;2062
2376;972;1096;1420;2062
2377;972;1091;1391;2062
2378;972;1087;1372;2062
2379;972;1098;1430;2062
2380;972;1092;1410;2062
2381;972;1098;1425;2062
2382;972;1096;1425;2062
2383;972;1090;1398;2062
2384;972;1088;1379;2062
2385;972;1095;1413;2062
2386;972;1090;1390;2062
2387;972;1094;1412;2062
2388;972;1087;1377;2062
2389;972;1099;1431;2062
2390;972;1090;1393;2062
2391;972;1089;1382;2062
2392;972;1097;1421;2062
2393;972;1100;1440;2062
2394;972;1092;1391;2062
2395;972;1094;1405;2062
2396;972;1098;1429;2062
2397;972;1088;1382;2062
2398;972;1091;1395;2062
2399;972;1101;1449;2062
2400;972;1092;1404;2049
2401;972;1094;1413;2049
2402;972;1101;1450;2049
2403;972;1097;1429;2049
2404;972;1089;1387;2049
2405;972;1088;1386;2049
2406;972;1093;1400;2049
2407;972;1088;1380;2049
2408;972;1088;1383;2049
2409;972;1096;1418;2049
2410;972;1089;1386;2049
2411;972;1096;1428;2049
2412;972;1101;1451;2049
2413;972;1093;1400;2049
2414;972;1097;1428;2049
2415;972;1087;1383;2049
2416;972;1088;1386;2049
2417;972;1093;1408;2049
2418;972;1096;1418;2049
2419;972;1090;1394;2049
2420;972;1085;1373;2049
2421;972;1092;1402;2049
2422;972;1098;1438;2049
2423;972;1096;1422;2049
2424;972;1091;1395;2049
2425;972;1083;1361;2049
2426;972;1092;1403;2049
2427;972;1091;1403;2049
2428;972;1087;1386;2049
2429;972;1093;1409;2049
2430;972;1091;1403;2049
2431;972;1083;1367;2049
2432;972;1096;1426;2049
2433;972;1091;1410;2049
2434;972;1091;1403;2049
2435;972;1086;1378;2049
2436;972;1093;1413;2049
2437;972;1098;1426;2049
2438;972;1100;1450;2049
2439;972;1095;1414;2049
2440;972;1082;1364;2049
2441;972;1092;1407;2049
2442;972;1101;1450;2049
2443;972;1099;1438;2049
2444;972;1084;1376;2049
2445;972;1096;1428;2049
2446;972;1090;1396;2049
2447;972;1085;1376;2049
2448;972;1085;1374;2049
2449;972;1086;1382;2049
2450;972;1087;1384;2049
2451;972;1093;1409;2049
2452;972;1089;1385;2049
2453;972;1097;1438;2049
2454;972;1089;1392;2049
2455;972;1093;1407;2049
2456;972;1095;1426;2049
2457;972;1093;1419;2049
2458;972;1095;1423;2049
2459;972;1088;1390;2049
2460;972;1093;1409;2049
2461;972;1089;1397;2049
2462;972;1085;1386;2049
2463;972;1088;1383;2049
2464;972;1088;1391;2049
2465;972;1097;1432;2049
2466;972;1093;1409;2049
2467;972;1089;1399;2049
2468;972;1080;1361;2049
2469;972;1106;1475;2049
2470;972;1102;1455;2049
2471;972;1091;1412;2049
2472;972;1093;1420;2049
2473;972;1078;1342;2049
2474;972;1088;1387;2049
2475;972;1095;1427;2049
2476;972;1084;1376;2049
2477;972;1089;1404;2049
2478;972;1093;1419;2049
2479;972;1090;1397;2049
2480;972;1093;1412;2049
2481;972;1095;1426;2049
2482;972;1084;1372;2049
2483;972;1097;1432;2049
2484;972;1095;1426;2049
2485;972;1098;1441;2049
2486;972;1087;1389;2049
2487;972;1094;1414;2049
2488;972;1086;1381;2049
2489;972;1089;1399;2049
2490;972;1093;1416;2049
2491;972;1082;1365;2049
2492;972;1094;1417;2049
2493;972;1103;1454;2049
2494;972;1085;1381;2049
2495;972;1091;1404;2049
2496;972;1084;1378;2049
2497;972;1096;1420;2049
2498;972;1084;1376;2049
2499;972;1096;1422;2049
2500;972;1088;1395;2045
2501;972;1088;1394;2045
2502;972;1094;1420;2045
2503;972;1088;1397;2045
2504;972;1086;1386;2045
2505;972;1084;1371;2045
2506;972;1092;1411;2045
2507;972;1089;1390;2045
2508;972;1093;1418;2045
2509;972;1089;1400;2045
2510;972;1092;1420;2045
2511;972;1084;1374;2045
2512;972;1082;1366;2045
2513;972;1086;1387;2045
2514;972;1081;1361;2045
2515;972;1092;1421;2045
2516;972;1089;1395;2045
2517;972;1083;1365;2045
2518;972;1104;1472;2045
2519;972;1087;1392;2045
2520;972;1087;1401;2045
2521;972;1092;1411;2045
2522;972;1089;1405;2045
2523;972;1091;1407;2045
2524;972;1089;1402;2045
2525;972;1095;1433;2045
2526;972;1097;1436;2045
2527;972;1094;1426;2045
2528;972;1098;1457;2045
2529;972;1094;1426;2045
2530;972;1092;1418;2045
2531;972;1090;1406;2045
2532;972;1086;1394;2045
2533;972;1087;1391;2045
2534;972;1089;1396;2045
2535;972;1099;1448;2045
2536;972;1088;1405;2045
2537;972;1086;1393;2045
2538;972;1095;1429;2045
2539;972;1087;1398;2045
2540;972;1097;1447;2045
2541;972;1092;1416;2045
2542;972;1088;1396;2045
2543;972;1087;1397;2045
2544;972;1096;1442;2045
2545;972;1094;1426;2045
2546;972;1093;1426;2045
2547;972;1096;1426;2045
2548;972;1089;1411;2045
2549;972;1098;1441;2045
2550;972;1080;1362;2045
2551;972;1083;1376;2045
2552;972;1089;1411;2045
2553;972;1074;1325;2045
2554;972;1089;1401;2045
2555;972;1094;1426;2045
2556;972;1082;1375;2045
2557;972;1084;1381;2045
2558;972;1095;1439;2045
2559;972;1088;1407;2045
2560;972;1090;1405;2045
2561;972;1079;1364;2045
2562;972;1094;1426;2045
2563;972;1089;1398;2045
2564;972;1089;1406;2045
2565;972;1098;1440;2045
2566;972;1090;1412;2045
2567;972;1093;1427;2045
2568;972;1087;1400;2045
2569;972;1093;1425;2045
2570;972;1089;1412;2045
2571;972;1091;1413;2045
2572;972;1096;1437;2045
2573;972;1089;1395;2045
2574;972;1084;1387;2045
2575;972;1091;1412;2045
2576;972;1087;1398;2045
2577;972;1085;1381;2045
2578;972;1086;1393;2045
2579;972;1085;1389;2045
2580;972;1085;1388;2045
2581;972;1090;1409;2045
2582;972;1096;1438;2045
2583;972;1096;1443;2045
2584;972;1086;1383;2045
2585;972;1093;1436;2045
2586;972;1084;1389;2045
2587;972;1096;1446;2045
2588;972;1094;1423;2045
2589;972;1086;1399;2045
2590;972;1090;1408;2045
2591;972;1088;1398;2045
2592;972;1093;1434;2045
2593;972;1082;1368;2045
2594;972;1090;1414;2045
2595;972;1094;1431;2045
2596;972;1086;1382;2045
2597;972;1078;1353;2045
2598;972;1096;1444;2045
2599;972;1089;1411;2045
2600;972;1090;1417;2070
2601;972;1090;1408;2070
2602;972;1085;1383;2070
2603;972;1100;1459;2070
2604;972;1092;1417;2070
2605;972;1094;1422;2070
2606;972;1090;1414;2070
2607;972;1089;1403;2070
2608;972;1084;1387;2070
2609;972;1085;1393;2070
2610;972;1091;1422;2070
2611;972;1087;1390;2070
2612;972;1087;1401;2070
2613;972;1088;1398;2070
2614;972;1085;1385;2070
2615;972;1096;1440;2070
2616;972;1086;1396;2070
2617;972;1085;1386;2070
2618;972;1086;1388;2070
2619;972;1085;1385;2070
2620;972;1085;1388;2070
2621;972;1087;1397;2070
2622;972;1087;1400;2070
2623;972;1084;1383;2070
2624;972;1097;1446;2070
2625;972;1093;1427;2070
2626;972;1086;1395;2070
2627;972;1080;1373;2070
2628;972;1084;1387;2070
2629;972;1089;1409;2070
2630;972;1087;1396;2070
2631;972;1088;1405;2070
2632;972;1086;1398;2070
2633;972;1096;1440;2070
2634;972;1083;1382;2070
2635;972;1086;1400;2070
2636;972;1089;1418;2070
2637;972;1103;1475;2070
2638;972;1088;1392;2070
2639;972;1088;1399;2070
2640;972;1085;1393;2070
2641;972;1079;1355;2070
2642;972;1087;1395;2070
2643;972;1087;1394;2070
2644;972;1079;1353;2070
2645;972;1079;1371;2070
2646;972;1091;1411;2070
2647;972;1086;1398;2070
2648;972;1077;1354;2070
2649;972;1086;1389;2070
2650;972;1079;1354;2070
2651;972;1083;1382;2070
2652;972;1087;1399;2070
2653;972;1081;1364;2070
2654;972;1090;1417;2070
2655;972;1080;1369;2070
2656;972;1083;1373;2070
2657;972;1102;1467;2070
2658;972;1080;1369;2070
2659;972;1086;1397;2070
2660;972;1084;1390;2070
2661;972;1088;1405;2070
2662;972;1095;1446;2070
2663;972;1086;1385;2070
2664;972;1082;1375;2070
2665;972;1082;1378;2070
2666;972;1085;1395;2070
2667;972;1086;1400;2070
2668;972;1087;1399;2070
2669;972;1100;1468;2070
2670;972;1091;1416;2070
2671;972;1082;1381;2070
2672;972;1086;1406;2070
2673;972;1093;1420;2070
2674;972;1101;1469;2070
2675;972;1086;1393;2070
2676;972;1091;1416;2070
2677;972;1081;1370;2070
2678;972;1095;1436;2070
2679;972;1083;1380;2070
2680;972;1088;1412;2070
2681;972;1079;1374;2070
2682;972;1082;1376;2070
2683;972;1094;1443;2070
2684;972;1093;1431;2070
2685;972;1087;1404;2070
2686;972;1088;1401;2070
2687;972;1087;1402;2070
2688;972;1093;1426;2070
2689;972;1083;1385;2070
2690;972;1076;1345;2070
2691;972;1095;1437;2070
2692;972;1082;1381;2070
2693;972;1079;1365;2070
2694;972;1089;1417;2070
2695;972;1078;1360;2070
2696;972;1098;1463;2070
2697;972;1084;1381;2070
2698;972;1090;1420;2070
2699;972;1081;1375;2070
2700;972;1083;1379;2051
2701;972;1091;1419;2051
2702;972;1087;1395;2051
2703;972;1094;1442;2051
2704;972;1076;1350;2051
2705;972;1084;1388;2051
2706;972;1098;1459;2051
2707;972;1091;1417;2051
2708;972;1091;1422;2051
2709;972;1089;1413;2051
2710;972;1095;1443;2051
2711;972;1076;1346;2051
2712;972;1091;1423;2051
2713;972;1088;1403;2051
2714;972;1087;1398;2051
2715;972;1083;1383;2051
2716;972;1084;1397;2051
2717;972;1078;1355;2051
2718;972;1098;1452;2051
2719;972;1078;1371;2051
2720;972;1089;1401;2051
2721;972;1081;1381;2051
2722;972;1088;1403;2051
2723;972;1088;1407;2051
2724;972;1086;1395;2051
2725;972;1083;1385;2051
2726;972;1083;1379;2051
2727;972;1088;1406;2051
2728;972;1091;1429;2051
2729;972;1084;1395;2051
2730;972;1087;1408;2051
2731;972;1083;1381;2051
2732;972;1087;1398;2051
2733;972;1089;1411;2051
2734;972;1087;1414;2051
2735;972;1084;1384;2051
2736;972;1084;1391;2051
2737;972;1088;1419;2051
2738;972;1090;1417;2051
2739;972;1072;1332;2051
2740;972;1081;1378;2051
2741;972;1088;1411;2051
2742;972;1080;1371;2051
2743;972;1085;1392;2051
2744;972;1086;1397;2051
2745;972;1081;1377;2051
2746;972;1094;1443;2051
2747;972;1073;1337;2051
2748;972;1084;1393;2051
2749;972;1090;1419;2051
2750;972;1089;1407;2051
2751;972;1089;1406;2051
2752;972;1095;1446;2051
2753;972;1088;1407;2051
2754;972;1085;1397;2051
2755;972;1088;1404;2051
2756;972;1075;1350;2051
2757;972;1091;1425;2051
2758;972;1092;1428;2051
2759;972;1088;1411;2051
2760;972;1088;1401;2051
2761;972;1090;1422;2051
2762;972;1087;1402;2051
2763;972;1084;1390;2051
2764;972;1078;1364;2051
2765;972;1083;1390;2051
2766;972;1091;1422;2051
2767;972;1087;1399;2051
2768;972;1080;1373;2051
2769;972;1091;1423;2051
2770;972;1088;1416;2051
2771;972;1091;1426;2051
2772;972;1087;1409;2051
2773;972;1083;1387;2051
2774;972;1085;1392;2051
2775;972;1076;1355;2051
2776;972;1091;1429;2051
2777;972;1089;1402;2051
2778;972;1087;1401;2051
2779;972;1087;1408;2051
2780;972;1086;1402;2051
2781;972;1093;1433;2051
2782;972;1088;1417;2051
2783;972;1088;1423;2051
2784;972;1081;1369;2051
2785;972;1083;1396;2051
2786;972;1098;1465;2051
2787;972;1091;1429;2051
2788;972;1087;1393;2051
2789;972;1096;1449;2051
2790;972;1087;1400;2051
2791;972;1091;1430;2051
2792;972;1072;1339;2051
2793;972;1083;1381;2051
2794;972;1097;1452;2051
2795;972;1088;1413;2051
2796;972;1085;1398;2051
2797;972;1092;1424;2051
2798;972;1084;1393;2051
2799;972;1085;1385;2051
2800;972;1082;1380;2054
2801;972;1079;1367;2054
2802;972;1093;1432;2054
2803;972;1086;1403;2054
2804;972;1080;1377;2054
2805;972;1091;1430;2054
2806;972;1083;1387;2054
2807;972;1084;1397;2054
2808;972;1087;1411;2054
2809;972;1091;1425;2054
2810;972;1087;1413;2054
2811;972;1090;1417;2054
2812;972;1084;1396;2054
2813;972;1089;1421;2054
2814;972;1089;1412;2054
2815;972;1092;1431;2054
2816;972;1090;1422;2054
2817;972;1083;1386;2054
2818;972;1087;1404;2054
2819;972;1094;1439;2054
2820;972;1075;1349;2054
2821;972;1091;1427;2054
2822;972;1078;1361;2054
2823;972;1085;1393;2054
2824;972;1084;1390;2054
2825;972;1096;1439;2054
2826;972;1077;1355;2054
2827;972;1087;1404;2054
2828;972;1077;1354;2054
2829;972;1084;1399;2054
2830;972;1086;1410;2054
2831;972;1091;1423;2054
2832;972;1082;1383;2054
2833;972;1087;1398;2054
2834;972;1077;1352;2054
2835;972;1080;1376;2054
2836;972;1084;1392;2054
2837;972;1082;1385;2054
2838;972;1084;1396;2054
2839;972;1084;1393;2054
2840;972;1081;1378;2054
2841;972;1084;1386;2054
2842;972;1079;1362;2054
2843;972;1084;1389;2054
2844;972;1091;1425;2054
2845;972;1086;1401;2054
2846;972;1086;1405;2054
2847;972;1093;1433;2054
2848;972;1084;1397;2054
2849;972;1093;1434;2054
2850;972;1075;1350;2054
2851;972;1086;1401;2054
2852;972;1091;1430;2054
2853;972;1090;1428;2054
2854;972;1089;1406;2054
2855;972;1079;1373;2054
2856;972;1080;1378;2054
2857;972;1089;1413;2054
2858;972;1097;1445;2054
2859;972;1080;1367;2054
2860;972;1077;1359;2054
2861;972;1083;1385;2054
2862;972;1088;1416;2054
2863;972;1080;1366;2054
2864;972;1091;1429;2054
2865;972;1088;1406;2054
2866;972;1086;1403;2054
2867;972;1085;1396;2054
2868;972;1086;1403;2054
2869;972;1083;1391;2054
2870;972;1087;1410;2054
2871;972;1088;1413;2054
2872;972;1082;1386;2054
2873;972;1086;1409;2054
2874;972;1094;1440;2054
2875;972;1093;1434;2054
2876;972;1085;1393;2054
2877;972;1082;1374;2054
2878;972;1085;1410;2054
2879;972;1083;1389;2054
2880;972;1083;1383;2054
2881;972;1082;1383;2054
2882;972;1081;1375;2054
2883;972;1094;1428;2054
2884;972;1078;1365;2054
2885;972;1084;1389;2054
2886;972;1084;1397;2054
2887;972;1084;1397;2054
2888;972;1077;1366;2054
2889;972;1082;1379;2054
2890;972;1082;1376;2054
2891;972;1085;1391;2054
2892;972;1089;1417;2054
2893;972;1090;1418;2054
2894;972;1091;1431;2054
2895;972;1092;1432;2054
2896;972;1092;1430;2054
2897;972;1092;1432;2054
2898;972;1092;1431;2054
2899;972;1084;1385;2054
2900;972;1083;1379;2039
2901;972;1085;1390;2039
2902;972;1080;1369;2039
2903;972;1091;1423;2039
2904;972;1092;1427;2039
2905;972;1086;1399;2039
2906;972;1077;1363;2039
2907;972;1090;1428;2039
2908;972;1085;1401;2039
2909;972;1087;1404;2039
2910;972;1087;1411;2039
2911;972;1077;1354;2039
2912;972;1083;1384;2039
2913;972;1078;1364;2039
2914;972;1093;1441;2039
2915;972;1086;1407;2039
2916;972;1092;1430;2039
2917;972;1080;1379;2039
2918;972;1093;1440;2039
2919;972;1089;1419;2039
2920;972;1091;1431;2039
2921;972;1089;1416;2039
2922;972;1081;1382;2039
2923;972;1085;1396;2039
2924;972;1096;1446;2039
2925;972;1083;1393;2039
2926;972;1081;1382;2039
2927;972;1084;1395;2039
2928;972;1087;1402;2039
2929;972;1081;1376;2039
2930;972;1085;1396;2039
2931;972;1091;1423;2039
2932;972;1097;1449;2039
2933;972;1090;1428;2039
2934;972;1089;1413;2039
2935;972;1097;1453;2039
2936;972;1085;1394;2039
2937;972;1079;1376;2039
2938;972;1087;1395;2039
2939;972;1087;1404;2039
2940;972;1087;1412;2039
2941;972;1085;1395;2039
2942;972;1092;1434;2039
2943;972;1079;1369;2039
2944;972;1089;1423;2039
2945;972;1079;1368;2039
2946;972;1090;1429;2039
2947;972;1086;1404;2039
2948;972;1087;1413;2039
2949;972;1076;1355;2039
2950;972;1096;1440;2039
2951;972;1093;1436;2039
2952;972;1085;1394;2039
2953;972;1090;1418;2039
2954;972;1085;1406;2039
2955;972;1083;1393;2039
2956;972;1092;1431;2039
2957;972;1082;1379;2039
2958;972;1084;1394;2039
2959;972;1082;1382;2039
2960;972;1082;1384;2039
2961;972;1092;1433;2039
2962;972;1093;1433;2039
2963;972;1085;1401;2039
2964;972;1085;1395;2039
2965;972;1086;1412;2039
2966;972;1089;1419;2039
2967;972;1082;1374;2039
2968;972;1090;1421;2039
2969;972;1090;1429;2039
2970;972;1092;1421;2039
2971;972;1078;1366;2039
2972;972;1092;1437;2039
2973;972;1087;1408;2039
2974;972;1085;1401;2039
2975;972;1081;1377;2039
2976;972;1091;1433;2039
2977;972;1092;1434;2039
2978;972;1083;1389;2039
2979;972;1084;1383;2039
2980;972;1088;1403;2039
2981;972;1083;1388;2039
2982;972;1089;1417;2039
2983;972;1095;1450;2039
2984;972;1089;1417;2039
2985;972;1082;1391;2039
2986;972;1087;1411;2039
2987;972;1081;1384;2039
2988;972;1087;1411;2039
2989;972;1087;1413;2039
2990;972;1084;1392;2039
2991;972;1091;1436;2039
2992;972;1094;1428;2039
2993;972;1088;1409;2039
2994;972;1090;1417;2039
2995;972;1087;1400;2039
2996;972;1089;1416;2039
2997;972;1086;1402;2039
2998;972;1088;1412;2039
2999;972;1084;1387;2039
3000;972;1091;1427;2063
3001;972;1084;1399;2063
3002;972;1089;1414;2063
3003;972;1082;1384;2063
3004;972;1083;1386;2063
3005;972;1080;1358;2063
3006;972;1076;1354;2063
3007;972;1095;1441;2063
3008;972;1091;1425;2063
3009;972;1089;1421;2063
3010;972;1087;1404;2063
3011;972;1087;1410;2063
3012;972;1084;1391;2063
3013;972;1079;1372;2063
3014;972;1090;1429;2063
3015;972;1079;1367;2063
3016;972;1088;1407;2063
3017;972;1088;1414;2063
3018;972;1078;1364;2063
3019;972;1086;1412;2063
3020;972;1080;1381;2063
3021;972;1088;1414;2063
3022;972;1089;1411;2063
3023;972;1090;1419;2063
3024;972;1083;1389;2063
3025;972;1086;1402;2063
3026;972;1081;1382;2063
3027;972;1095;1447;2063
3028;972;1087;1411;2063
3029;972;1083;1391;2063
3030;972;1084;1389;2063
3031;972;1094;1441;2063
3032;972;1087;1407;2063
3033;972;1079;1373;2063
3034;972;1085;1401;2063
3035;972;1081;1378;2063
3036;972;1082;1386;2063
3037;972;1086;1405;2063
3038;972;1087;1404;2063
3039;972;1086;1406;2063
3040;972;1079;1364;2063
3041;972;1089;1419;2063
3042;972;1074;1344;2063
3043;972;1087;1413;2063
3044;972;1084;1389;2063
3045;972;1076;1348;2063
3046;972;1085;1388;2063
3047;972;1083;1395;2063
3048;972;1088;1420;2063
3049;972;1092;1432;2063
3050;972;1092;1430;2063
3051;972;1090;1420;2063
3052;972;1098;1462;2063
3053;972;1083;1391;2063
3054;972;1079;1362;2063
3055;972;1080;1374;2063
3056;972;1096;1451;2063
3057;972;1088;1404;2063
3058;972;1085;1399;2063
3059;972;1083;1381;2063
3060;972;1088;1407;2063
3061;972;1086;1408;2063
3062;972;1088;1413;2063
3063;972;1088;1409;2063
3064;972;1083;1391;2063
3065;972;1075;1342;2063
3066;972;1084;1390;2063
3067;972;1074;1352;2063
3068;972;1097;1455;2063
3069;972;1091;1423;2063
3070;972;1076;1349;2063
3071;972;1094;1439;2063
3072;972;1081;1378;2063
3073;972;1088;1418;2063
3074;972;1083;1382;2063
3075;972;1091;1430;2063
3076;972;1079;1372;2063
3077;972;1086;1403;2063
3078;972;1083;1393;2063
3079;972;1093;1435;2063
3080;972;1085;1392;2063
3081;972;1084;1395;2063
3082;972;1084;1398;2063
3083;972;1088;1417;2063
3084;972;1093;1434;2063
3085;972;1084;1394;2063
3086;972;1082;1391;2063
3087;972;1086;1401;2063
3088;972;1080;1383;2063
3089;972;1077;1363;2063
3090;972;1080;1383;2063
3091;972;1086;1400;2063
3092;972;1103;1471;2063
3093;972;1082;1373;2063
3094;972;1091;1418;2063
3095;972;1083;1396;2063
3096;972;1084;1395;2063
3097;972;1093;1446;2063
3098;972;1092;1437;2063
3099;972;1091;1426;2063
3100;972;1087;1407;2050
3101;972;1084;1391;2050
3102;972;1091;1432;2050
3103;972;1086;1407;2050
3104;972;1085;1418;2050
3105;972;1082;1384;2050
3106;972;1092;1432;2050
3107;972;1080;1369;2050
3108;972;1082;1374;2050
3109;972;1078;1370;2050
3110;972;1090;1421;2050
3111;972;1088;1410;2050
3112;972;1084;1391;2050
3113;972;1091;1417;2050
3114;972;1087;1403;2050
3115;972;1083;1390;2050
3116;972;1082;1387;2050
3117;972;1082;1391;2050
3118;972;1087;1420;2050
3119;972;1096;1438;2050
3120;972;1086;1407;2050
3121;972;1096;1453;2050
3122;972;1080;1376;2050
3123;972;1076;1362;2050
3124;972;1091;1424;2050
3125;972;1084;1395;2050
3126;972;1077;1362;2050
3127;972;1087;1410;2050
3128;972;1088;1408;2050
3129;972;1090;1420;2050
3130;972;1079;1368;2050
3131;972;1077;1358;2050
3132;972;1084;1398;2050
3133;972;1081;1379;2050
3134;972;1096;1447;2050
3135;972;1086;1398;2050
3136;972;1077;1368;2050
3137;972;1083;1387;2050
3138;972;1082;1386;2050
3139;972;1087;1403;2050
3140;972;1083;1397;2050
3141;972;1079;1371;2050
3142;972;1084;1391;2050
3143;972;1082;1386;2050
3144;972;1089;1425;2050
3145;972;1082;1393;2050
3146;972;1094;1448;2050
3147;972;1082;1382;2050
3148;972;1091;1426;2050
3149;972;1091;1424;2050
3150;972;1080;1374;2050
3151;972;1082;1385;2050
3152;972;1093;1436;2050
3153;972;1087;1406;2050
3154;972;1094;1436;2050
3155;972;1095;1456;2050
3156;972;1082;1387;2050
3157;972;1085;1407;2050
3158;972;1090;1430;2050
3159;972;1087;1404;2050
3160;972;1084;1398;2050
3161;972;1077;1361;2050
3162;972;1086;1400;2050
3163;972;1084;1400;2050
3164;972;1091;1429;2050
3165;972;1086;1401;2050
3166;972;1090;1429;2050
3167;972;1079;1376;2050
3168;972;1092;1435;2050
3169;972;1084;1403;2050
3170;972;1082;1383;2050
3171;972;1088;1413;2050
3172;972;1084;1394;2050
3173;972;1083;1392;2050
3174;972;1085;1390;2050
3175;972;1086;1404;2050
3176;972;1082;1389;2050
3177;972;1082;1380;2050
3178;972;1077;1364;2050
3179;972;1088;1417;2050
3180;972;1090;1421;2050
3181;972;1083;1392;2050
3182;972;1088;1413;2050
3183;972;1083;1396;2050
3184;972;1094;1440;2050
3185;972;1074;1349;2050
3186;972;1091;1427;2050
3187;972;1079;1369;2050
3188;972;1080;1380;2050
3189;972;1087;1409;2050
3190;972;1088;1415;2050
3191;972;1084;1388;2050
3192;972;1072;1342;2050
3193;972;1089;1414;2050
3194;972;1089;1421;2050
3195;972;1094;1438;2050
3196;972;1092;1429;2050
3197;972;1087;1414;2050
3198;972;1087;1411;2050
3199;972;1099;1461;2050
3200;972;1087;1407;2044
3201;972;1087;1413;2044
3202;972;1081;1384;2044
3203;972;1083;1383;2044
3204;972;1091;1427;2044
3205;972;1083;1386;2044
3206;972;1084;1392;2044
3207;972;1084;1393;2044
3208;972;1092;1433;2044
3209;972;1089;1422;2044
3210;972;1082;1387;2044
3211;972;1090;1417;2044
3212;972;1087;1411;2044
3213;972;1085;1403;2044
3214;972;1083;1391;2044
3215;972;1090;1428;2044
3216;972;1079;1379;2044
3217;972;1083;1389;2044
3218;972;1077;1363;2044
3219;972;1090;1428;2044
3220;972;1092;1425;2044
3221;972;1090;1413;2044
3222;972;1090;1421;2044
3223;972;1089;1420;2044
3224;972;1088;1416;2044
3225;972;1078;1360;2044
3226;972;1083;1388;2044
3227;972;1079;1366;2044
3228;972;1083;1388;2044
3229;972;1086;1400;2044
3230;972;1086;1407;2044
3231;972;1093;1437;2044
3232;972;1090;1425;2044
3233;972;1088;1413;2044
3234;972;1084;1391;2044
3235;972;1079;1372;2044
3236;972;1088;1416;2044
3237;972;1093;1440;2044
3238;972;1084;1401;2044
3239;972;1087;1407;2044
3240;972;1090;1429;2044
3241;972;1083;1392;2044
3242;972;1083;1387;2044
3243;972;1090;1426;2044
3244;972;1080;1380;2044
3245;972;1081;1384;2044
3246;972;1082;1381;2044
3247;972;1085;1398;2044
3248;972;1096;1454;2044
3249;972;1089;1414;2044
3250;972;1084;1401;2044
3251;972;1081;1380;2044
3252;972;1093;1435;2044
3253;972;1084;1392;2044
3254;972;1079;1374;2044
3255;972;1084;1400;2044
3256;972;1094;1439;2044
3257;972;1087;1409;2044
3258;972;1089;1429;2044
3259;972;1090;1431;2044
3260;972;1079;1373;2044
3261;972;1090;1430;2044
3262;972;1079;1369;2044
3263;972;1082;1393;2044
3264;972;1079;1373;2044
3265;972;1089;1421;2044
3266;972;1085;1400;2044
3267;972;1089;1423;2044
3268;972;1083;1397;2044
3269;972;1077;1362;2044
3270;972;1083;1389;2044
3271;972;1085;1395;2044
3272;972;1081;1382;2044
3273;972;1089;1425;2044
3274;972;1086;1411;2044
3275;972;1089;1422;2044
3276;972;1089;1417;2044
3277;972;1090;1427;2044
3278;972;1085;1405;2044
3279;972;1080;1374;2044
3280;972;1080;1380;2044
3281;972;1093;1442;2044
3282;972;1091;1426;2044
3283;972;1092;1431;2044
3284;972;1086;1406;2044
3285;972;1093;1435;2044
3286;972;1085;1398;2044
3287;972;1091;1437;2044
3288;972;1084;1393;2044
3289;972;1085;1405;2044
3290;972;1093;1436;2044
3291;972;1093;1437;2044
3292;972;1080;1373;2044
3293;972;1077;1357;2044
3294;972;1092;1432;2044
3295;972;1084;1398;2044
3296;972;1084;1393;2044
3297;972;1089;1426;2044
3298;972;1086;1408;2044
3299;972;1082;1393;2044
3300;972;1084;1403;2059
3301;972;1090;1422;2059
3302;972;1074;1355;2059
3303;972;1087;1406;2059
3304;972;1087;1422;2059
3305;972;1087;1406;2059
3306;972;1080;1383;2059
3307;972;1084;1397;2059
3308;972;1092;1434;2059
3309;972;1086;1409;2059
3310;972;1080;1377;2059
3311;972;1084;1396;2059
3312;972;1074;1350;2059
3313;972;1090;1424;2059
3314;972;1085;1395;2059
3315;972;1083;1396;2059
3316;972;1077;1359;2059
3317;972;1094;1452;2059
3318;972;1089;1425;2059
3319;972;1079;1374;2059
3320;972;1082;1385;2059
3321;972;1093;1446;2059
3322;972;1078;1371;2059
3323;972;1086;1403;2059
3324;972;1087;1419;2059
3325;972;1094;1446;2059
3326;972;1084;1400;2059
3327;972;1084;1390;2059
3328;972;1083;1387;2059
3329;972;1079;1370;2059
3330;972;1076;1362;2059
3331;972;1090;1425;2059
3332;972;1083;1392;2059
3333;972;1094;1444;2059
3334;972;1087;1408;2059
3335;972;1090;1424;2059
3336;972;1079;1372;2059
3337;972;1092;1430;2059
3338;972;1091;1429;2059
3339;972;1082;1389;2059
3340;972;1088;1412;2059
3341;972;1083;1395;2059
3342;972;1078;1367;2059
3343;972;1085;1402;2059
3344;972;1079;1375;2059
3345;972;1094;1444;2059
3346;972;1086;1410;2059
3347;972;1093;1433;2059
3348;972;1080;1377;2059
3349;972;1083;1386;2059
3350;972;1088;1413;2059
3351;972;1075;1346;2059
3352;972;1091;1421;2059
3353;972;1080;1375;2059
3354;972;1079;1374;2059
3355;972;1079;1372;2059
3356;972;1078;1362;2059
3357;972;1088;1417;2059
3358;972;1085;1403;2059
3359;972;1076;1351;2059
3360;972;1093;1439;2059
3361;972;1084;1386;2059
3362;972;1080;1367;2059
3363;972;1084;1394;2059
3364;972;1083;1388;2059
3365;972;1085;1401;2059
3366;972;1089;1414;2059
3367;972;1083;1395;2059
3368;972;1078;1370;2059
3369;972;1085;1397;2059
3370;972;1091;1434;2059
3371;972;1085;1401;2059
3372;972;1079;1376;2059
3373;972;1088;1419;2059
3374;972;1088;1427;2059
3375;972;1080;1383;2059
3376;972;1083;1394;2059
3377;972;1089;1424;2059
3378;972;1090;1434;2059
3379;972;1088;1413;2059
3380;972;1098;1460;2059
3381;972;1084;1397;2059
3382;972;1087;1404;2059
3383;972;1095;1443;2059
3384;972;1087;1413;2059
3385;972;1088;1415;2059
3386;972;1083;1391;2059
3387;972;1089;1407;2059
3388;972;1093;1441;2059
3389;972;1081;1380;2059
3390;972;1086;1411;2059
3391;972;1080;1382;2059
3392;972;1084;1404;2059
3393;972;1084;1403;2059
3394;972;1078;1371;2059
3395;972;1083;1387;2059
3396;972;1087;1411;2059
3397;972;1090;1426;2059
3398;972;1086;1405;2059
3399;972;1078;1367;2059
3400;972;1085;1395;2067
3401;972;1088;1417;2067
3402;972;1090;1414;2067
3403;972;1077;1368;2067
3404;972;1088;1417;2067
3405;972;1085;1393;2067
3406;972;1083;1393;2067
3407;972;1087;1418;2067
3408;972;1072;1348;2067
3409;972;1078;1373;2067
3410;972;1087;1404;2067
3411;972;1086;1409;2067
3412;972;1088;1414;2067
3413;972;1077;1363;2067
3414;972;1090;1425;2067
3415;972;1081;1382;2067
3416;972;1086;1402;2067
3417;972;1078;1377;2067
3418;972;1086;1407;2067
3419;972;1091;1424;2067
3420;972;1084;1397;2067
3421;972;1081;1379;2067
3422;972;1076;1358;2067
3423;972;1079;1377;2067
3424;972;1086;1409;2067
3425;972;1089;1414;2067
3426;972;1086;1402;2067
3427;972;1085;1404;2067
3428;972;1078;1373;2067
3429;972;1083;1387;2067
3430;972;1089;1413;2067
3431;972;1086;1404;2067
3432;972;1085;1404;2067
3433;972;1082;1382;2067
3434;972;1085;1403;2067
3435;972;1095;1446;2067
3436;972;1083;1392;2067
3437;972;1082;1388;2067
3438;972;1087;1419;2067
3439;972;1086;1412;2067
3440;972;1072;1342;2067
3441;972;1080;1379;2067
3442;972;1082;1388;2067
3443;972;1087;1407;2067
3444;972;1076;1356;2067
3445;972;1085;1404;2067
3446;972;1081;1378;2067
3447;972;1080;1380;2067
3448;972;1089;1420;2067
3449;972;1080;1377;2067
3450;972;1081;1374;2067
3451;972;1084;1398;2067
3452;972;1093;1439;2067
3453;972;1081;1379;2067
3454;972;1089;1418;2067
3455;972;1077;1368;2067
3456;972;1086;1405;2067
3457;972;1090;1421;2067
3458;972;1090;1421;2067
3459;972;1086;1401;2067
3460;972;1090;1427;2067
3461;972;1093;1438;2067
3462;972;1086;1411;2067
3463;972;1091;1426;2067
3464;972;1088;1416;2067
3465;972;1083;1391;2067
3466;972;1082;1382;2067
3467;972;1087;1405;2067
3468;972;1082;1385;2067
3469;972;1090;1421;2067
3470;972;1082;1382;2067
3471;972;1086;1404;2067
3472;972;1085;1404;2067
3473;972;1086;1411;2067
3474;972;1093;1425;2067
3475;972;1079;1372;2067
3476;972;1087;1406;2067
3477;972;1087;1407;2067
3478;972;1092;1432;2067
3479;972;1080;1377;2067
3480;972;1085;1402;2067
3481;972;1087;1414;2067
3482;972;1076;1362;2067
3483;972;1084;1397;2067
3484;972;1091;1417;2067
3485;972;1074;1353;2067
3486;972;1083;1389;2067
3487;972;1084;1391;2067
3488;972;1079;1374;2067
3489;972;1090;1418;2067
3490;972;1082;1387;2067
3491;972;1082;1390;2067
3492;972;1090;1416;2067
3493;972;1077;1363;2067
3494;972;1087;1416;2067
3495;972;1086;1406;2067
3496;972;1081;1375;2067
3497;972;1085;1403;2067
3498;972;1091;1424;2067
3499;972;1084;1398;2067
3500;972;1084;1391;2048
3501;972;1085;1396;2048
3502;972;1087;1410;2048
3503;972;1085;1407;2048
3504;972;1092;1434;2048
3505;972;1098;1465;2048
3506;972;1079;1369;2048
3507;972;1085;1398;2048
3508;972;1092;1430;2048
3509;972;1080;1378;2048
3510;972;1087;1414;2048
3511;972;1084;1388;2048
3512;972;1083;1391;2048
3513;972;1093;1448;2048
3514;972;1077;1364;2048
3515;972;1090;1425;2048
3516;972;1084;1392;2048
3517;972;1084;1399;2048
3518;972;1080;1376;2048
3519;972;1086;1415;2048
3520;972;1093;1442;2048
3521;972;1080;1378;2048
3522;972;1087;1417;2048
3523;972;1081;1378;2048
3524;972;1082;1380;2048
3525;972;1100;1465;2048
3526;972;1094;1433;2048
3527;972;1086;1409;2048
3528;972;1079;1374;2048
3529;972;1087;1401;2048
3530;972;1085;1398;2048
3531;972;1081;1379;2048
3532;972;1084;1389;2048
3533;972;1091;1430;2048
3534;972;1089;1412;2048
3535;972;1081;1381;2048
3536;972;1085;1399;2048
3537;972;1081;1382;2048
3538;972;1100;1479;2048
3539;972;1091;1429;2048
3540;972;1089;1418;2048
3541;972;1080;1370;2048
3542;972;1081;1376;2048
3543;972;1089;1422;2048
3544;972;1091;1421;2048
3545;972;1087;1416;2048
3546;972;1086;1409;2048
3547;972;1077;1359;2048
3548;972;1080;1373;2048
3549;972;1084;1401;2048
3550;972;1089;1417;2048
3551;972;1082;1384;2048
3552;972;1076;1360;2048
3553;972;1090;1420;2048
3554;972;1090;1423;2048
3555;972;1091;1433;2048
3556;972;1094;1441;2048
3557;972;1080;1376;2048
3558;972;1087;1401;2048
3559;972;1090;1419;2048
3560;972;1088;1420;2048
3561;972;1076;1351;2048
3562;972;1093;1441;2048
3563;972;1097;1460;2048
3564;972;1085;1399;2048
3565;972;1091;1429;2048
3566;972;1087;1420;2048
3567;972;1088;1412;2048
3568;972;1084;1398;2048
3569;972;1088;1411;2048
3570;972;1086;1396;2048
3571;972;1090;1421;2048
3572;972;1086;1407;2048
3573;972;1085;1405;2048
3574;972;1080;1374;2048
3575;972;1099;1455;2048
3576;972;1093;1438;2048
3577;972;1086;1410;2048
3578;972;1083;1386;2048
3579;972;1091;1422;2048
3580;972;1087;1408;2048
3581;972;1084;1401;2048
3582;972;1083;1394;2048
3583;972;1086;1397;2048
3584;972;1090;1427;2048
3585;972;1085;1398;2048
3586;972;1086;1398;2048
3587;972;1083;1395;2048
3588;972;1083;1387;2048
3589;972;1090;1423;2048
3590;972;1085;1404;2048
3591;972;1083;1387;2048
3592;972;1088;1419;2048
3593;972;1086;1406;2048
3594;972;1086;1405;2048
3595;972;1092;1434;2048
3596;972;1086;1405;2048
3597;972;1092;1435;2048
3598;972;1090;1432;2048
3599;972;1088;1413;2048
3600;972;1085;1395;2091
3601;972;1081;1385;2091
3602;972;1087;1415;2091
3603;972;1090;1432;2091
3604;972;1090;1426;2091
3605;972;1080;1377;2091
3606;972;1078;1376;2091
3607;972;1093;1440;2091
3608;972;1086;1397;2091
3609;972;1082;1389;2091
3610;972;1091;1428;2091
3611;972;1090;1418;2091
3612;972;1094;1447;2091
3613;972;1082;1390;2091
3614;972;1085;1399;2091
3615;972;1083;1395;2091
3616;972;1088;1410;2091
3617;972;1082;1384;2091
3618;972;1098;1456;2091
3619;972;1090;1418;2091
3620;972;1091;1422;2091
3621;972;1081;1387;2091
3622;972;1076;1360;2091
3623;972;1087;1414;2091
3624;972;1089;1416;2091
3625;972;1072;1340;2091
3626;972;1083;1388;2091
3627;972;1079;1368;2091
3628;972;1093;1436;2091
3629;972;1088;1410;2091
3630;972;1083;1393;2091
3631;972;1089;1419;2091
3632;972;1089;1422;2091
3633;972;1079;1374;2091
3634;972;1084;1391;2091
3635;972;1091;1423;2091
3636;972;1092;1438;2091
3637;972;1087;1416;2091
3638;972;1080;1381;2091
3639;972;1094;1438;2091
3640;972;1080;1380;2091
3641;972;1078;1364;2091
3642;972;1086;1412;2091
3643;972;1088;1405;2091
3644;972;1080;1378;2091
3645;972;1088;1417;2091
3646;972;1078;1370;2091
3647;972;1081;1379;2091
3648;972;1087;1410;2091
3649;972;1088;1417;2091
3650;972;1083;1388;2091
3651;972;1092;1434;2091
3652;972;1081;1384;2091
3653;972;1084;1398;2091
3654;972;1085;1396;2091
3655;972;1090;1426;2091
3656;972;1098;1472;2091
3657;972;1084;1398;2091
3658;972;1079;1368;2091
3659;972;1088;1413;2091
3660;972;1084;1395;2091
3661;972;1087;1410;2091
3662;972;1081;1383;2091
3663;972;1086;1406;2091
3664;972;1083;1394;2091
3665;972;1091;1439;2091
3666;972;1093;1437;2091
3667;972;1091;1435;2091
3668;972;1084;1390;2091
3669;972;1089;1424;2091
3670;972;1093;1434;2091
3671;972;1085;1402;2091
3672;972;1085;1396;2091
3673;972;1085;1405;2091
3674;972;1087;1410;2091
3675;972;1087;1406;2091
3676;972;1092;1435;2091
3677;972;1081;1381;2091
3678;972;1091;1431;2091
3679;972;1097;1456;2091
3680;972;1084;1397;2091
3681;972;1096;1449;2091
3682;972;1078;1375;2091
3683;972;1088;1410;2091
3684;972;1078;1363;2091
3685;972;1084;1390;2091
3686;972;1084;1392;2091
3687;972;1081;1383;2091
3688;972;1086;1406;2091
3689;972;1089;1414;2091
3690;972;1093;1435;2091
3691;972;1088;1411;2091
3692;972;1086;1402;2091
3693;972;1086;1403;2091
3694;972;1079;1375;2091
3695;972;1083;1389;2091
3696;972;1087;1408;2091
3697;972;1080;1373;2091
3698;972;1086;1397;2091
3699;972;1078;1372;2091
3700;972;1082;1388;2054
3701;972;1090;1419;2054
3702;972;1082;1387;2054
3703;972;1082;1397;2054
3704;972;1092;1435;2054
3705;972;1086;1403;2054
3706;972;1084;1398;2054
3707;972;1087;1418;2054
3708;972;1084;1393;2054
3709;972;1082;1383;2054
3710;972;1076;1358;2054
3711;972;1079;1379;2054
3712;972;1091;1436;2054
3713;972;1102;1474;2054
3714;972;1087;1413;2054
3715;972;1083;1395;2054
3716;972;1082;1395;2054
3717;972;1096;1458;2054
3718;972;1087;1415;2054
3719;972;1083;1400;2054
3720;972;1078;1374;2054
3721;972;1093;1437;2054
3722;972;1087;1411;2054
3723;972;1089;1424;2054
3724;972;1085;1399;2054
3725;972;1093;1437;2054
3726;972;1082;1381;2054
3727;972;1087;1414;2054
3728;972;1086;1406;2054
3729;972;1082;1382;2054
3730;972;1093;1443;2054
3731;972;1087;1412;2054
3732;972;1087;1416;2054
3733;972;1086;1402;2054
3734;972;1088;1405;2054
3735;972;1087;1407;2054
3736;972;1082;1382;2054
3737;972;1081;1384;2054
3738;972;1090;1421;2054
3739;972;1083;1390;2054
3740;972;1096;1449;2054
3741;972;1083;1388;2054
3742;972;1083;1401;2054
3743;972;1085;1396;2054
